08-Jul-2020 17:47:01 INFO - Starting DemoSpringDataOneToOneMappingApplication on MYSHEC119503L with PID 11484 (D:\content\FA2\new\zips\Demo_SpringData_OneToOneMapping\Demo_SpringData_OneToOneMapping\target\classes started by ria.singh in D:\content\FA2\new\zips\Demo_SpringData_OneToOneMapping\Demo_SpringData_OneToOneMapping)
08-Jul-2020 17:47:01 INFO - No active profile set, falling back to default profiles: default
08-Jul-2020 17:47:02 INFO - Bootstrapping Spring Data JPA repositories in DEFERRED mode.
08-Jul-2020 17:47:02 INFO - Finished Spring Data repository scanning in 85ms. Found 1 JPA repository interfaces.
08-Jul-2020 17:47:04 INFO - Initializing ExecutorService 'applicationTaskExecutor'
08-Jul-2020 17:47:04 INFO - HikariPool-1 - Starting...
08-Jul-2020 17:47:04 INFO - HikariPool-1 - Start completed.
08-Jul-2020 17:47:04 INFO - HHH000204: Processing PersistenceUnitInfo [name: default]
08-Jul-2020 17:47:05 INFO - HHH000412: Hibernate ORM core version 5.4.17.Final
08-Jul-2020 17:47:05 INFO - Triggering deferred initialization of Spring Data repositories…
08-Jul-2020 17:47:05 INFO - HCANN000001: Hibernate Commons Annotations {5.1.0.Final}
08-Jul-2020 17:47:06 INFO - HHH000400: Using dialect: org.hibernate.dialect.MySQL8Dialect
08-Jul-2020 17:47:07 INFO - HHH000490: Using JtaPlatform implementation: [org.hibernate.engine.transaction.jta.platform.internal.NoJtaPlatform]
08-Jul-2020 17:47:07 INFO - Initialized JPA EntityManagerFactory for persistence unit 'default'
08-Jul-2020 17:47:08 INFO - Spring Data repositories initialized!
08-Jul-2020 17:47:08 INFO - Started DemoSpringDataOneToOneMappingApplication in 7.602 seconds (JVM running for 9.535)
08-Jul-2020 17:47:08 ERROR - SERVICE.INVALID_CUSTOMERID
com.infy.exception.InfyBankException: SERVICE.INVALID_CUSTOMERID
	at com.infy.service.CustomerServiceImpl.lambda$2(CustomerServiceImpl.java:90) ~[classes/:?]
	at java.util.Optional.orElseThrow(Optional.java:408) ~[?:?]
	at com.infy.service.CustomerServiceImpl.deleteCustomer(CustomerServiceImpl.java:90) ~[classes/:?]
	at com.infy.service.CustomerServiceImpl$$FastClassBySpringCGLIB$$5a044175.invoke(<generated>) ~[classes/:?]
	at org.springframework.cglib.proxy.MethodProxy.invoke(MethodProxy.java:218) ~[spring-core-5.2.7.RELEASE.jar:5.2.7.RELEASE]
	at org.springframework.aop.framework.CglibAopProxy$CglibMethodInvocation.invokeJoinpoint(CglibAopProxy.java:771) ~[spring-aop-5.2.7.RELEASE.jar:5.2.7.RELEASE]
	at org.springframework.aop.framework.ReflectiveMethodInvocation.proceed(ReflectiveMethodInvocation.java:163) ~[spring-aop-5.2.7.RELEASE.jar:5.2.7.RELEASE]
	at org.springframework.aop.framework.CglibAopProxy$CglibMethodInvocation.proceed(CglibAopProxy.java:749) ~[spring-aop-5.2.7.RELEASE.jar:5.2.7.RELEASE]
	at org.springframework.aop.aspectj.AspectJAfterThrowingAdvice.invoke(AspectJAfterThrowingAdvice.java:62) ~[spring-aop-5.2.7.RELEASE.jar:5.2.7.RELEASE]
	at org.springframework.aop.framework.ReflectiveMethodInvocation.proceed(ReflectiveMethodInvocation.java:186) ~[spring-aop-5.2.7.RELEASE.jar:5.2.7.RELEASE]
	at org.springframework.aop.framework.CglibAopProxy$CglibMethodInvocation.proceed(CglibAopProxy.java:749) ~[spring-aop-5.2.7.RELEASE.jar:5.2.7.RELEASE]
	at org.springframework.transaction.interceptor.TransactionAspectSupport.invokeWithinTransaction(TransactionAspectSupport.java:367) [spring-tx-5.2.7.RELEASE.jar:5.2.7.RELEASE]
	at org.springframework.transaction.interceptor.TransactionInterceptor.invoke(TransactionInterceptor.java:118) [spring-tx-5.2.7.RELEASE.jar:5.2.7.RELEASE]
	at org.springframework.aop.framework.ReflectiveMethodInvocation.proceed(ReflectiveMethodInvocation.java:186) [spring-aop-5.2.7.RELEASE.jar:5.2.7.RELEASE]
	at org.springframework.aop.framework.CglibAopProxy$CglibMethodInvocation.proceed(CglibAopProxy.java:749) [spring-aop-5.2.7.RELEASE.jar:5.2.7.RELEASE]
	at org.springframework.aop.interceptor.ExposeInvocationInterceptor.invoke(ExposeInvocationInterceptor.java:95) [spring-aop-5.2.7.RELEASE.jar:5.2.7.RELEASE]
	at org.springframework.aop.framework.ReflectiveMethodInvocation.proceed(ReflectiveMethodInvocation.java:186) [spring-aop-5.2.7.RELEASE.jar:5.2.7.RELEASE]
	at org.springframework.aop.framework.CglibAopProxy$CglibMethodInvocation.proceed(CglibAopProxy.java:749) [spring-aop-5.2.7.RELEASE.jar:5.2.7.RELEASE]
	at org.springframework.aop.framework.CglibAopProxy$DynamicAdvisedInterceptor.intercept(CglibAopProxy.java:691) [spring-aop-5.2.7.RELEASE.jar:5.2.7.RELEASE]
	at com.infy.service.CustomerServiceImpl$$EnhancerBySpringCGLIB$$83d2828e.deleteCustomer(<generated>) [classes/:?]
	at com.infy.DemoSpringDataOneToOneMappingApplication.deleteCustomer(DemoSpringDataOneToOneMappingApplication.java:112) [classes/:?]
	at com.infy.DemoSpringDataOneToOneMappingApplication.run(DemoSpringDataOneToOneMappingApplication.java:33) [classes/:?]
	at org.springframework.boot.SpringApplication.callRunner(SpringApplication.java:795) [spring-boot-2.3.1.RELEASE.jar:2.3.1.RELEASE]
	at org.springframework.boot.SpringApplication.callRunners(SpringApplication.java:779) [spring-boot-2.3.1.RELEASE.jar:2.3.1.RELEASE]
	at org.springframework.boot.SpringApplication.run(SpringApplication.java:322) [spring-boot-2.3.1.RELEASE.jar:2.3.1.RELEASE]
	at org.springframework.boot.SpringApplication.run(SpringApplication.java:1237) [spring-boot-2.3.1.RELEASE.jar:2.3.1.RELEASE]
	at org.springframework.boot.SpringApplication.run(SpringApplication.java:1226) [spring-boot-2.3.1.RELEASE.jar:2.3.1.RELEASE]
	at com.infy.DemoSpringDataOneToOneMappingApplication.main(DemoSpringDataOneToOneMappingApplication.java:25) [classes/:?]
08-Jul-2020 17:56:05 INFO - Starting DemoSpringDataOneToOneMappingApplication on MYSHEC119503L with PID 1408 (D:\content\FA2\new\zips\Demo_SpringData_OneToOneMapping\Demo_SpringData_OneToOneMapping\target\classes started by ria.singh in D:\content\FA2\new\zips\Demo_SpringData_OneToOneMapping\Demo_SpringData_OneToOneMapping)
08-Jul-2020 17:56:05 INFO - No active profile set, falling back to default profiles: default
08-Jul-2020 17:56:06 INFO - Bootstrapping Spring Data JPA repositories in DEFERRED mode.
08-Jul-2020 17:56:06 INFO - Finished Spring Data repository scanning in 122ms. Found 1 JPA repository interfaces.
08-Jul-2020 17:56:08 INFO - Initializing ExecutorService 'applicationTaskExecutor'
08-Jul-2020 17:56:08 INFO - HikariPool-1 - Starting...
08-Jul-2020 17:56:09 INFO - HikariPool-1 - Start completed.
08-Jul-2020 17:56:09 INFO - HHH000204: Processing PersistenceUnitInfo [name: default]
08-Jul-2020 17:56:09 INFO - HHH000412: Hibernate ORM core version 5.4.17.Final
08-Jul-2020 17:56:10 INFO - Triggering deferred initialization of Spring Data repositories…
08-Jul-2020 17:56:10 INFO - HCANN000001: Hibernate Commons Annotations {5.1.0.Final}
08-Jul-2020 17:56:11 INFO - HHH000400: Using dialect: org.hibernate.dialect.MySQL8Dialect
08-Jul-2020 17:56:12 INFO - HHH000490: Using JtaPlatform implementation: [org.hibernate.engine.transaction.jta.platform.internal.NoJtaPlatform]
08-Jul-2020 17:56:12 INFO - Initialized JPA EntityManagerFactory for persistence unit 'default'
08-Jul-2020 17:56:12 INFO - Spring Data repositories initialized!
08-Jul-2020 17:56:12 INFO - Started DemoSpringDataOneToOneMappingApplication in 7.892 seconds (JVM running for 9.705)
17-Jul-2020 15:02:14 INFO - Bootstrapping Spring Data JPA repositories in DEFERRED mode.
17-Jul-2020 15:02:14 INFO - Finished Spring Data repository scanning in 74ms. Found 1 JPA repository interfaces.
17-Jul-2020 15:02:16 INFO - Initializing ExecutorService 'applicationTaskExecutor'
17-Jul-2020 15:02:16 INFO - HikariPool-1 - Starting...
17-Jul-2020 15:02:17 INFO - HikariPool-1 - Start completed.
17-Jul-2020 15:02:18 INFO - HHH000204: Processing PersistenceUnitInfo [name: default]
17-Jul-2020 15:02:18 INFO - HHH000412: Hibernate ORM core version 5.4.17.Final
17-Jul-2020 15:02:19 INFO - Triggering deferred initialization of Spring Data repositories…
17-Jul-2020 15:02:19 INFO - HCANN000001: Hibernate Commons Annotations {5.1.0.Final}
17-Jul-2020 15:02:20 INFO - HHH000400: Using dialect: org.hibernate.dialect.MySQL8Dialect
17-Jul-2020 15:02:22 INFO - HHH000490: Using JtaPlatform implementation: [org.hibernate.engine.transaction.jta.platform.internal.NoJtaPlatform]
17-Jul-2020 15:02:22 INFO - Initialized JPA EntityManagerFactory for persistence unit 'default'
17-Jul-2020 15:02:23 INFO - Spring Data repositories initialized!
17-Jul-2020 15:02:23 ERROR - SERVICE.INVALID_CUSTOMERID
com.infy.exception.InfyBankException: SERVICE.INVALID_CUSTOMERID
	at com.infy.service.CustomerServiceImpl.lambda$0(CustomerServiceImpl.java:31) ~[classes/:?]
	at java.util.Optional.orElseThrow(Optional.java:408) ~[?:?]
	at com.infy.service.CustomerServiceImpl.getCustomer(CustomerServiceImpl.java:31) ~[classes/:?]
	at com.infy.service.CustomerServiceImpl$$FastClassBySpringCGLIB$$5a044175.invoke(<generated>) ~[classes/:?]
	at org.springframework.cglib.proxy.MethodProxy.invoke(MethodProxy.java:218) ~[spring-core-5.2.7.RELEASE.jar:5.2.7.RELEASE]
	at org.springframework.aop.framework.CglibAopProxy$CglibMethodInvocation.invokeJoinpoint(CglibAopProxy.java:771) ~[spring-aop-5.2.7.RELEASE.jar:5.2.7.RELEASE]
	at org.springframework.aop.framework.ReflectiveMethodInvocation.proceed(ReflectiveMethodInvocation.java:163) ~[spring-aop-5.2.7.RELEASE.jar:5.2.7.RELEASE]
	at org.springframework.aop.framework.CglibAopProxy$CglibMethodInvocation.proceed(CglibAopProxy.java:749) ~[spring-aop-5.2.7.RELEASE.jar:5.2.7.RELEASE]
	at org.springframework.aop.aspectj.AspectJAfterThrowingAdvice.invoke(AspectJAfterThrowingAdvice.java:62) ~[spring-aop-5.2.7.RELEASE.jar:5.2.7.RELEASE]
	at org.springframework.aop.framework.ReflectiveMethodInvocation.proceed(ReflectiveMethodInvocation.java:186) ~[spring-aop-5.2.7.RELEASE.jar:5.2.7.RELEASE]
	at org.springframework.aop.framework.CglibAopProxy$CglibMethodInvocation.proceed(CglibAopProxy.java:749) ~[spring-aop-5.2.7.RELEASE.jar:5.2.7.RELEASE]
	at org.springframework.transaction.interceptor.TransactionAspectSupport.invokeWithinTransaction(TransactionAspectSupport.java:367) [spring-tx-5.2.7.RELEASE.jar:5.2.7.RELEASE]
	at org.springframework.transaction.interceptor.TransactionInterceptor.invoke(TransactionInterceptor.java:118) [spring-tx-5.2.7.RELEASE.jar:5.2.7.RELEASE]
	at org.springframework.aop.framework.ReflectiveMethodInvocation.proceed(ReflectiveMethodInvocation.java:186) [spring-aop-5.2.7.RELEASE.jar:5.2.7.RELEASE]
	at org.springframework.aop.framework.CglibAopProxy$CglibMethodInvocation.proceed(CglibAopProxy.java:749) [spring-aop-5.2.7.RELEASE.jar:5.2.7.RELEASE]
	at org.springframework.aop.interceptor.ExposeInvocationInterceptor.invoke(ExposeInvocationInterceptor.java:95) [spring-aop-5.2.7.RELEASE.jar:5.2.7.RELEASE]
	at org.springframework.aop.framework.ReflectiveMethodInvocation.proceed(ReflectiveMethodInvocation.java:186) [spring-aop-5.2.7.RELEASE.jar:5.2.7.RELEASE]
	at org.springframework.aop.framework.CglibAopProxy$CglibMethodInvocation.proceed(CglibAopProxy.java:749) [spring-aop-5.2.7.RELEASE.jar:5.2.7.RELEASE]
	at org.springframework.aop.framework.CglibAopProxy$DynamicAdvisedInterceptor.intercept(CglibAopProxy.java:691) [spring-aop-5.2.7.RELEASE.jar:5.2.7.RELEASE]
	at com.infy.service.CustomerServiceImpl$$EnhancerBySpringCGLIB$$e37bbf4.getCustomer(<generated>) [classes/:?]
	at com.infy.DemoSpringDataOneToOneMappingApplication.getCustomer(DemoSpringDataOneToOneMappingApplication.java:45) [classes/:?]
	at com.infy.DemoSpringDataOneToOneMappingApplication.run(DemoSpringDataOneToOneMappingApplication.java:34) [classes/:?]
	at org.springframework.boot.SpringApplication.callRunner(SpringApplication.java:795) [spring-boot-2.3.1.RELEASE.jar:2.3.1.RELEASE]
	at org.springframework.boot.SpringApplication.callRunners(SpringApplication.java:779) [spring-boot-2.3.1.RELEASE.jar:2.3.1.RELEASE]
	at org.springframework.boot.SpringApplication.run(SpringApplication.java:322) [spring-boot-2.3.1.RELEASE.jar:2.3.1.RELEASE]
	at org.springframework.boot.SpringApplication.run(SpringApplication.java:1237) [spring-boot-2.3.1.RELEASE.jar:2.3.1.RELEASE]
	at org.springframework.boot.SpringApplication.run(SpringApplication.java:1226) [spring-boot-2.3.1.RELEASE.jar:2.3.1.RELEASE]
	at com.infy.DemoSpringDataOneToOneMappingApplication.main(DemoSpringDataOneToOneMappingApplication.java:29) [classes/:?]
17-Jul-2020 15:02:57 INFO - Bootstrapping Spring Data JPA repositories in DEFERRED mode.
17-Jul-2020 15:02:57 INFO - Finished Spring Data repository scanning in 212ms. Found 1 JPA repository interfaces.
17-Jul-2020 15:02:59 INFO - Initializing ExecutorService 'applicationTaskExecutor'
17-Jul-2020 15:02:59 INFO - HikariPool-1 - Starting...
17-Jul-2020 15:03:00 INFO - HikariPool-1 - Start completed.
17-Jul-2020 15:03:01 INFO - HHH000204: Processing PersistenceUnitInfo [name: default]
17-Jul-2020 15:03:01 INFO - HHH000412: Hibernate ORM core version 5.4.17.Final
17-Jul-2020 15:03:01 INFO - Triggering deferred initialization of Spring Data repositories…
17-Jul-2020 15:03:02 INFO - HCANN000001: Hibernate Commons Annotations {5.1.0.Final}
17-Jul-2020 15:03:02 INFO - HHH000400: Using dialect: org.hibernate.dialect.MySQL8Dialect
17-Jul-2020 15:03:05 INFO - HHH000490: Using JtaPlatform implementation: [org.hibernate.engine.transaction.jta.platform.internal.NoJtaPlatform]
17-Jul-2020 15:03:05 INFO - Initialized JPA EntityManagerFactory for persistence unit 'default'
17-Jul-2020 15:03:05 INFO - Spring Data repositories initialized!
17-Jul-2020 15:04:05 INFO - Closing JPA EntityManagerFactory for persistence unit 'default'
17-Jul-2020 15:05:24 INFO - Bootstrapping Spring Data JPA repositories in DEFERRED mode.
17-Jul-2020 15:05:24 INFO - Finished Spring Data repository scanning in 123ms. Found 1 JPA repository interfaces.
17-Jul-2020 15:05:25 INFO - Initializing ExecutorService 'applicationTaskExecutor'
17-Jul-2020 15:05:25 INFO - HikariPool-1 - Starting...
17-Jul-2020 15:05:26 INFO - HikariPool-1 - Start completed.
17-Jul-2020 15:05:27 INFO - HHH000204: Processing PersistenceUnitInfo [name: default]
17-Jul-2020 15:05:27 INFO - HHH000412: Hibernate ORM core version 5.4.17.Final
17-Jul-2020 15:05:27 INFO - Triggering deferred initialization of Spring Data repositories…
17-Jul-2020 15:05:27 INFO - HCANN000001: Hibernate Commons Annotations {5.1.0.Final}
17-Jul-2020 15:05:28 INFO - HHH000400: Using dialect: org.hibernate.dialect.MySQL8Dialect
17-Jul-2020 15:05:30 INFO - HHH000490: Using JtaPlatform implementation: [org.hibernate.engine.transaction.jta.platform.internal.NoJtaPlatform]
17-Jul-2020 15:05:30 INFO - Initialized JPA EntityManagerFactory for persistence unit 'default'
17-Jul-2020 15:05:31 INFO - Spring Data repositories initialized!
17-Jul-2020 15:06:20 INFO - Bootstrapping Spring Data JPA repositories in DEFERRED mode.
17-Jul-2020 15:06:20 INFO - Finished Spring Data repository scanning in 117ms. Found 1 JPA repository interfaces.
17-Jul-2020 15:06:22 INFO - Initializing ExecutorService 'applicationTaskExecutor'
17-Jul-2020 15:06:22 INFO - HikariPool-1 - Starting...
17-Jul-2020 15:06:23 INFO - HikariPool-1 - Start completed.
17-Jul-2020 15:06:23 INFO - HHH000204: Processing PersistenceUnitInfo [name: default]
17-Jul-2020 15:06:24 INFO - HHH000412: Hibernate ORM core version 5.4.17.Final
17-Jul-2020 15:06:24 INFO - Triggering deferred initialization of Spring Data repositories…
17-Jul-2020 15:06:24 INFO - HCANN000001: Hibernate Commons Annotations {5.1.0.Final}
17-Jul-2020 15:06:25 INFO - HHH000400: Using dialect: org.hibernate.dialect.MySQL8Dialect
17-Jul-2020 15:06:26 INFO - HHH000490: Using JtaPlatform implementation: [org.hibernate.engine.transaction.jta.platform.internal.NoJtaPlatform]
17-Jul-2020 15:06:26 INFO - Initialized JPA EntityManagerFactory for persistence unit 'default'
17-Jul-2020 15:06:26 INFO - Spring Data repositories initialized!
17-Jul-2020 15:06:31 INFO - Closing JPA EntityManagerFactory for persistence unit 'default'
17-Jul-2020 15:07:08 INFO - Bootstrapping Spring Data JPA repositories in DEFERRED mode.
17-Jul-2020 15:07:08 INFO - Finished Spring Data repository scanning in 139ms. Found 1 JPA repository interfaces.
17-Jul-2020 15:07:10 INFO - Initializing ExecutorService 'applicationTaskExecutor'
17-Jul-2020 15:07:10 INFO - HikariPool-1 - Starting...
17-Jul-2020 15:07:11 INFO - HikariPool-1 - Start completed.
17-Jul-2020 15:07:11 INFO - HHH000204: Processing PersistenceUnitInfo [name: default]
17-Jul-2020 15:07:12 INFO - HHH000412: Hibernate ORM core version 5.4.17.Final
17-Jul-2020 15:07:12 INFO - Triggering deferred initialization of Spring Data repositories…
17-Jul-2020 15:07:12 INFO - HCANN000001: Hibernate Commons Annotations {5.1.0.Final}
17-Jul-2020 15:07:13 INFO - HHH000400: Using dialect: org.hibernate.dialect.MySQL8Dialect
17-Jul-2020 15:07:14 INFO - HHH000490: Using JtaPlatform implementation: [org.hibernate.engine.transaction.jta.platform.internal.NoJtaPlatform]
17-Jul-2020 15:07:14 INFO - Initialized JPA EntityManagerFactory for persistence unit 'default'
17-Jul-2020 15:07:15 INFO - Spring Data repositories initialized!
17-Jul-2020 15:07:26 INFO - Closing JPA EntityManagerFactory for persistence unit 'default'
17-Jul-2020 15:07:41 INFO - Bootstrapping Spring Data JPA repositories in DEFERRED mode.
17-Jul-2020 15:07:42 INFO - Finished Spring Data repository scanning in 145ms. Found 1 JPA repository interfaces.
17-Jul-2020 15:07:43 INFO - Initializing ExecutorService 'applicationTaskExecutor'
17-Jul-2020 15:07:43 INFO - HikariPool-1 - Starting...
17-Jul-2020 15:07:44 INFO - HikariPool-1 - Start completed.
17-Jul-2020 15:07:45 INFO - HHH000204: Processing PersistenceUnitInfo [name: default]
17-Jul-2020 15:07:45 INFO - HHH000412: Hibernate ORM core version 5.4.17.Final
17-Jul-2020 15:07:46 INFO - Triggering deferred initialization of Spring Data repositories…
17-Jul-2020 15:07:46 INFO - HCANN000001: Hibernate Commons Annotations {5.1.0.Final}
17-Jul-2020 15:07:47 INFO - HHH000400: Using dialect: org.hibernate.dialect.MySQL8Dialect
17-Jul-2020 15:07:48 INFO - HHH000490: Using JtaPlatform implementation: [org.hibernate.engine.transaction.jta.platform.internal.NoJtaPlatform]
17-Jul-2020 15:07:48 INFO - Initialized JPA EntityManagerFactory for persistence unit 'default'
17-Jul-2020 15:07:49 INFO - Spring Data repositories initialized!
17-Jul-2020 15:08:48 INFO - Closing JPA EntityManagerFactory for persistence unit 'default'
20-Jul-2020 15:46:12 INFO - Bootstrapping Spring Data JPA repositories in DEFERRED mode.
20-Jul-2020 15:46:12 INFO - Finished Spring Data repository scanning in 220ms. Found 1 JPA repository interfaces.
20-Jul-2020 15:46:13 INFO - Initializing ExecutorService 'applicationTaskExecutor'
20-Jul-2020 15:46:13 INFO - HikariPool-1 - Starting...
20-Jul-2020 15:46:16 INFO - HikariPool-1 - Start completed.
20-Jul-2020 15:46:16 INFO - HHH000204: Processing PersistenceUnitInfo [name: default]
20-Jul-2020 15:46:17 INFO - HHH000412: Hibernate ORM core version 5.4.17.Final
20-Jul-2020 15:46:17 INFO - Triggering deferred initialization of Spring Data repositories…
20-Jul-2020 15:46:17 INFO - HCANN000001: Hibernate Commons Annotations {5.1.0.Final}
20-Jul-2020 15:46:18 INFO - HHH000400: Using dialect: org.hibernate.dialect.MySQL8Dialect
20-Jul-2020 15:46:19 INFO - HHH000490: Using JtaPlatform implementation: [org.hibernate.engine.transaction.jta.platform.internal.NoJtaPlatform]
20-Jul-2020 15:46:19 INFO - Initialized JPA EntityManagerFactory for persistence unit 'default'
20-Jul-2020 15:46:19 INFO - Spring Data repositories initialized!
20-Jul-2020 15:47:20 INFO - Bootstrapping Spring Data JPA repositories in DEFERRED mode.
20-Jul-2020 15:47:20 INFO - Finished Spring Data repository scanning in 109ms. Found 1 JPA repository interfaces.
20-Jul-2020 15:47:22 INFO - Initializing ExecutorService 'applicationTaskExecutor'
20-Jul-2020 15:47:22 INFO - HikariPool-1 - Starting...
20-Jul-2020 15:47:23 INFO - HikariPool-1 - Start completed.
20-Jul-2020 15:47:23 INFO - HHH000204: Processing PersistenceUnitInfo [name: default]
20-Jul-2020 15:47:24 INFO - HHH000412: Hibernate ORM core version 5.4.17.Final
20-Jul-2020 15:47:24 INFO - Triggering deferred initialization of Spring Data repositories…
20-Jul-2020 15:47:24 INFO - HCANN000001: Hibernate Commons Annotations {5.1.0.Final}
20-Jul-2020 15:47:24 INFO - HHH000400: Using dialect: org.hibernate.dialect.MySQL8Dialect
20-Jul-2020 15:47:26 INFO - HHH000490: Using JtaPlatform implementation: [org.hibernate.engine.transaction.jta.platform.internal.NoJtaPlatform]
20-Jul-2020 15:47:26 INFO - Initialized JPA EntityManagerFactory for persistence unit 'default'
20-Jul-2020 15:47:26 INFO - Spring Data repositories initialized!
29-Dec-2021 14:47:55 INFO - Bootstrapping Spring Data JPA repositories in DEFAULT mode.
29-Dec-2021 14:47:55 INFO - Finished Spring Data repository scanning in 35 ms. Found 1 JPA repository interfaces.
29-Dec-2021 14:47:55 INFO - HikariPool-1 - Starting...
29-Dec-2021 14:47:56 INFO - HikariPool-1 - Start completed.
29-Dec-2021 14:47:56 INFO - HHH000204: Processing PersistenceUnitInfo [name: default]
29-Dec-2021 14:47:56 INFO - HHH000412: Hibernate ORM core version 5.6.3.Final
29-Dec-2021 14:47:56 INFO - HCANN000001: Hibernate Commons Annotations {5.1.2.Final}
29-Dec-2021 14:47:56 INFO - HHH000400: Using dialect: org.hibernate.dialect.MySQL8Dialect
29-Dec-2021 14:47:57 INFO - HHH000490: Using JtaPlatform implementation: [org.hibernate.engine.transaction.jta.platform.internal.NoJtaPlatform]
29-Dec-2021 14:47:57 INFO - Initialized JPA EntityManagerFactory for persistence unit 'default'
29-Dec-2021 14:47:57 INFO - Closing JPA EntityManagerFactory for persistence unit 'default'
29-Dec-2021 14:47:57 INFO - HikariPool-1 - Shutdown initiated...
29-Dec-2021 14:47:57 INFO - HikariPool-1 - Shutdown completed.
29-Dec-2021 17:18:02 INFO - Bootstrapping Spring Data JPA repositories in DEFAULT mode.
29-Dec-2021 17:18:02 INFO - Finished Spring Data repository scanning in 39 ms. Found 1 JPA repository interfaces.
29-Dec-2021 17:18:02 INFO - HikariPool-1 - Starting...
29-Dec-2021 17:18:03 INFO - HikariPool-1 - Start completed.
29-Dec-2021 17:18:03 INFO - HHH000204: Processing PersistenceUnitInfo [name: default]
29-Dec-2021 17:18:03 INFO - HHH000412: Hibernate ORM core version 5.6.3.Final
29-Dec-2021 17:18:03 INFO - HCANN000001: Hibernate Commons Annotations {5.1.2.Final}
29-Dec-2021 17:18:03 INFO - HHH000400: Using dialect: org.hibernate.dialect.MySQL8Dialect
29-Dec-2021 17:18:04 INFO - HHH000490: Using JtaPlatform implementation: [org.hibernate.engine.transaction.jta.platform.internal.NoJtaPlatform]
29-Dec-2021 17:18:04 INFO - Initialized JPA EntityManagerFactory for persistence unit 'default'
29-Dec-2021 17:18:05 INFO - Closing JPA EntityManagerFactory for persistence unit 'default'
29-Dec-2021 17:18:05 INFO - HikariPool-1 - Shutdown initiated...
29-Dec-2021 17:18:05 INFO - HikariPool-1 - Shutdown completed.
05-Jul-2023 09:49:14 INFO - Bootstrapping Spring Data JPA repositories in DEFAULT mode.
05-Jul-2023 09:49:14 INFO - Finished Spring Data repository scanning in 140 ms. Found 1 JPA repository interfaces.
05-Jul-2023 09:49:16 INFO - HikariPool-1 - Starting...
05-Jul-2023 09:49:17 INFO - HikariPool-1 - Added connection com.mysql.cj.jdbc.ConnectionImpl@35bfa1bb
05-Jul-2023 09:49:17 INFO - HikariPool-1 - Start completed.
05-Jul-2023 09:49:17 INFO - HHH000204: Processing PersistenceUnitInfo [name: default]
05-Jul-2023 09:49:17 INFO - HHH000412: Hibernate ORM core version 6.2.5.Final
05-Jul-2023 09:49:17 INFO - HHH000406: Using bytecode reflection optimizer
05-Jul-2023 09:49:18 INFO - HHH000021: Bytecode provider name : bytebuddy
05-Jul-2023 09:49:19 INFO - No LoadTimeWeaver setup: ignoring JPA class transformer
05-Jul-2023 09:49:19 INFO - HHH000021: Bytecode provider name : bytebuddy
05-Jul-2023 09:49:21 INFO - HHH000490: Using JtaPlatform implementation: [org.hibernate.engine.transaction.jta.platform.internal.NoJtaPlatform]
05-Jul-2023 09:49:21 INFO - Initialized JPA EntityManagerFactory for persistence unit 'default'
05-Jul-2023 09:49:23 INFO - Closing JPA EntityManagerFactory for persistence unit 'default'
05-Jul-2023 09:49:23 INFO - HikariPool-1 - Shutdown initiated...
05-Jul-2023 09:49:23 INFO - HikariPool-1 - Shutdown completed.
