24-Apr-2025 23:11:15 ERROR - Validator.INVALID_NAMES
com.infy.exception.DreamMakersException: Validator.INVALID_NAMES
	at com.infy.validator.Validator.validate(Validator.java:12) ~[classes/:?]
	at com.infy.service.MovieServiceImpl.addMovie(MovieServiceImpl.java:23) ~[classes/:?]
	at jdk.internal.reflect.DirectMethodHandleAccessor.invoke(DirectMethodHandleAccessor.java:103) ~[?:?]
	at java.lang.reflect.Method.invoke(Method.java:580) ~[?:?]
	at org.springframework.aop.support.AopUtils.invokeJoinpointUsingReflection(AopUtils.java:351) ~[spring-aop-6.1.5.jar:6.1.5]
	at org.springframework.aop.framework.ReflectiveMethodInvocation.invokeJoinpoint(ReflectiveMethodInvocation.java:196) ~[spring-aop-6.1.5.jar:6.1.5]
	at org.springframework.aop.framework.ReflectiveMethodInvocation.proceed(ReflectiveMethodInvocation.java:163) ~[spring-aop-6.1.5.jar:6.1.5]
	at org.springframework.aop.framework.CglibAopProxy$CglibMethodInvocation.proceed(CglibAopProxy.java:765) ~[spring-aop-6.1.5.jar:6.1.5]
	at org.springframework.aop.aspectj.AspectJAfterThrowingAdvice.invoke(AspectJAfterThrowingAdvice.java:64) ~[spring-aop-6.1.5.jar:6.1.5]
	at org.springframework.aop.framework.ReflectiveMethodInvocation.proceed(ReflectiveMethodInvocation.java:184) ~[spring-aop-6.1.5.jar:6.1.5]
	at org.springframework.aop.framework.CglibAopProxy$CglibMethodInvocation.proceed(CglibAopProxy.java:765) ~[spring-aop-6.1.5.jar:6.1.5]
	at org.springframework.aop.interceptor.ExposeInvocationInterceptor.invoke(ExposeInvocationInterceptor.java:97) ~[spring-aop-6.1.5.jar:6.1.5]
	at org.springframework.aop.framework.ReflectiveMethodInvocation.proceed(ReflectiveMethodInvocation.java:184) ~[spring-aop-6.1.5.jar:6.1.5]
	at org.springframework.aop.framework.CglibAopProxy$CglibMethodInvocation.proceed(CglibAopProxy.java:765) ~[spring-aop-6.1.5.jar:6.1.5]
	at org.springframework.aop.framework.CglibAopProxy$DynamicAdvisedInterceptor.intercept(CglibAopProxy.java:717) ~[spring-aop-6.1.5.jar:6.1.5]
	at com.infy.service.MovieServiceImpl$$SpringCGLIB$$0.addMovie(<generated>) ~[classes/:?]
	at com.infy.DreamMakersToTraineeApplication.addMovie(DreamMakersToTraineeApplication.java:56) ~[classes/:?]
	at com.infy.DreamMakersToTraineeApplication.run(DreamMakersToTraineeApplication.java:37) ~[classes/:?]
	at org.springframework.boot.SpringApplication.lambda$callRunner$5(SpringApplication.java:790) ~[spring-boot-3.2.4.jar:3.2.4]
	at org.springframework.util.function.ThrowingConsumer$1.acceptWithException(ThrowingConsumer.java:83) ~[spring-core-6.1.5.jar:6.1.5]
	at org.springframework.util.function.ThrowingConsumer.accept(ThrowingConsumer.java:60) ~[spring-core-6.1.5.jar:6.1.5]
	at org.springframework.util.function.ThrowingConsumer$1.accept(ThrowingConsumer.java:88) ~[spring-core-6.1.5.jar:6.1.5]
	at org.springframework.boot.SpringApplication.callRunner(SpringApplication.java:798) ~[spring-boot-3.2.4.jar:3.2.4]
	at org.springframework.boot.SpringApplication.callRunner(SpringApplication.java:789) ~[spring-boot-3.2.4.jar:3.2.4]
	at org.springframework.boot.SpringApplication.lambda$callRunners$3(SpringApplication.java:774) ~[spring-boot-3.2.4.jar:3.2.4]
	at java.util.stream.ForEachOps$ForEachOp$OfRef.accept(ForEachOps.java:184) [?:?]
	at java.util.stream.SortedOps$SizedRefSortingSink.end(SortedOps.java:357) [?:?]
	at java.util.stream.AbstractPipeline.copyInto(AbstractPipeline.java:510) [?:?]
	at java.util.stream.AbstractPipeline.wrapAndCopyInto(AbstractPipeline.java:499) [?:?]
	at java.util.stream.ForEachOps$ForEachOp.evaluateSequential(ForEachOps.java:151) [?:?]
	at java.util.stream.ForEachOps$ForEachOp$OfRef.evaluateSequential(ForEachOps.java:174) [?:?]
	at java.util.stream.AbstractPipeline.evaluate(AbstractPipeline.java:234) [?:?]
	at java.util.stream.ReferencePipeline.forEach(ReferencePipeline.java:596) [?:?]
	at org.springframework.boot.SpringApplication.callRunners(SpringApplication.java:774) [spring-boot-3.2.4.jar:3.2.4]
	at org.springframework.boot.SpringApplication.run(SpringApplication.java:341) [spring-boot-3.2.4.jar:3.2.4]
	at org.springframework.boot.SpringApplication.run(SpringApplication.java:1354) [spring-boot-3.2.4.jar:3.2.4]
	at org.springframework.boot.SpringApplication.run(SpringApplication.java:1343) [spring-boot-3.2.4.jar:3.2.4]
	at com.infy.DreamMakersToTraineeApplication.main(DreamMakersToTraineeApplication.java:32) [classes/:?]
