17-Jul-2020 12:27:53 INFO - Bootstrapping Spring Data JPA repositories in DEFERRED mode.
17-Jul-2020 12:27:53 INFO - Finished Spring Data repository scanning in 243ms. Found 1 JPA repository interfaces.
17-Jul-2020 12:27:56 INFO - Initializing ExecutorService 'applicationTaskExecutor'
17-Jul-2020 12:27:56 INFO - HikariPool-1 - Starting...
17-Jul-2020 12:27:59 INFO - HikariPool-1 - Start completed.
17-Jul-2020 12:27:59 INFO - HHH000204: Processing PersistenceUnitInfo [name: default]
17-Jul-2020 12:28:00 INFO - HHH000412: Hibernate ORM core version 5.4.17.Final
17-Jul-2020 12:28:02 INFO - Triggering deferred initialization of Spring Data repositories…
17-Jul-2020 12:28:03 INFO - HCANN000001: Hibernate Commons Annotations {5.1.0.Final}
17-Jul-2020 12:28:04 INFO - HHH000400: Using dialect: org.hibernate.dialect.MySQL8Dialect
17-Jul-2020 12:28:06 INFO - HHH000490: Using JtaPlatform implementation: [org.hibernate.engine.transaction.jta.platform.internal.NoJtaPlatform]
17-Jul-2020 12:28:06 INFO - Initialized JPA EntityManagerFactory for persistence unit 'default'
17-Jul-2020 12:28:08 INFO - Spring Data repositories initialized!
17-Jul-2020 12:28:08 WARN - SQL Error: 1364, SQLState: HY000
17-Jul-2020 12:28:08 ERROR - Field 'customer_id' doesn't have a default value
17-Jul-2020 12:28:08 ERROR - could not execute statement; nested exception is org.hibernate.exception.GenericJDBCException: could not execute statement
org.springframework.orm.jpa.JpaSystemException: could not execute statement; nested exception is org.hibernate.exception.GenericJDBCException: could not execute statement
	at org.springframework.orm.jpa.vendor.HibernateJpaDialect.convertHibernateAccessException(HibernateJpaDialect.java:353) ~[spring-orm-5.2.7.RELEASE.jar:5.2.7.RELEASE]
	at org.springframework.orm.jpa.vendor.HibernateJpaDialect.translateExceptionIfPossible(HibernateJpaDialect.java:255) ~[spring-orm-5.2.7.RELEASE.jar:5.2.7.RELEASE]
	at org.springframework.orm.jpa.AbstractEntityManagerFactoryBean.translateExceptionIfPossible(AbstractEntityManagerFactoryBean.java:528) ~[spring-orm-5.2.7.RELEASE.jar:5.2.7.RELEASE]
	at org.springframework.dao.support.ChainedPersistenceExceptionTranslator.translateExceptionIfPossible(ChainedPersistenceExceptionTranslator.java:61) ~[spring-tx-5.2.7.RELEASE.jar:5.2.7.RELEASE]
	at org.springframework.dao.support.DataAccessUtils.translateIfNecessary(DataAccessUtils.java:242) ~[spring-tx-5.2.7.RELEASE.jar:5.2.7.RELEASE]
	at org.springframework.dao.support.PersistenceExceptionTranslationInterceptor.invoke(PersistenceExceptionTranslationInterceptor.java:153) ~[spring-tx-5.2.7.RELEASE.jar:5.2.7.RELEASE]
	at org.springframework.aop.framework.ReflectiveMethodInvocation.proceed(ReflectiveMethodInvocation.java:186) ~[spring-aop-5.2.7.RELEASE.jar:5.2.7.RELEASE]
	at org.springframework.data.jpa.repository.support.CrudMethodMetadataPostProcessor$CrudMethodMetadataPopulatingMethodInterceptor.invoke(CrudMethodMetadataPostProcessor.java:178) ~[spring-data-jpa-2.3.1.RELEASE.jar:2.3.1.RELEASE]
	at org.springframework.aop.framework.ReflectiveMethodInvocation.proceed(ReflectiveMethodInvocation.java:186) ~[spring-aop-5.2.7.RELEASE.jar:5.2.7.RELEASE]
	at org.springframework.aop.interceptor.ExposeInvocationInterceptor.invoke(ExposeInvocationInterceptor.java:95) ~[spring-aop-5.2.7.RELEASE.jar:5.2.7.RELEASE]
	at org.springframework.aop.framework.ReflectiveMethodInvocation.proceed(ReflectiveMethodInvocation.java:186) ~[spring-aop-5.2.7.RELEASE.jar:5.2.7.RELEASE]
	at org.springframework.aop.framework.JdkDynamicAopProxy.invoke(JdkDynamicAopProxy.java:212) ~[spring-aop-5.2.7.RELEASE.jar:5.2.7.RELEASE]
	at com.sun.proxy.$Proxy94.save(Unknown Source) ~[?:?]
	at jdk.internal.reflect.NativeMethodAccessorImpl.invoke0(Native Method) ~[?:?]
	at jdk.internal.reflect.NativeMethodAccessorImpl.invoke(NativeMethodAccessorImpl.java:62) ~[?:?]
	at jdk.internal.reflect.DelegatingMethodAccessorImpl.invoke(DelegatingMethodAccessorImpl.java:43) ~[?:?]
	at java.lang.reflect.Method.invoke(Method.java:566) ~[?:?]
	at org.springframework.aop.support.AopUtils.invokeJoinpointUsingReflection(AopUtils.java:344) ~[spring-aop-5.2.7.RELEASE.jar:5.2.7.RELEASE]
	at org.springframework.aop.framework.JdkDynamicAopProxy.invoke(JdkDynamicAopProxy.java:205) ~[spring-aop-5.2.7.RELEASE.jar:5.2.7.RELEASE]
	at com.sun.proxy.$Proxy68.save(Unknown Source) ~[?:?]
	at com.infy.service.CustomerServiceImpl.addCustomer(CustomerServiceImpl.java:26) ~[classes/:?]
	at com.infy.service.CustomerServiceImpl$$FastClassBySpringCGLIB$$5a044175.invoke(<generated>) ~[classes/:?]
	at org.springframework.cglib.proxy.MethodProxy.invoke(MethodProxy.java:218) ~[spring-core-5.2.7.RELEASE.jar:5.2.7.RELEASE]
	at org.springframework.aop.framework.CglibAopProxy$CglibMethodInvocation.invokeJoinpoint(CglibAopProxy.java:771) ~[spring-aop-5.2.7.RELEASE.jar:5.2.7.RELEASE]
	at org.springframework.aop.framework.ReflectiveMethodInvocation.proceed(ReflectiveMethodInvocation.java:163) ~[spring-aop-5.2.7.RELEASE.jar:5.2.7.RELEASE]
	at org.springframework.aop.framework.CglibAopProxy$CglibMethodInvocation.proceed(CglibAopProxy.java:749) ~[spring-aop-5.2.7.RELEASE.jar:5.2.7.RELEASE]
	at org.springframework.aop.aspectj.AspectJAfterThrowingAdvice.invoke(AspectJAfterThrowingAdvice.java:62) ~[spring-aop-5.2.7.RELEASE.jar:5.2.7.RELEASE]
	at org.springframework.aop.framework.ReflectiveMethodInvocation.proceed(ReflectiveMethodInvocation.java:186) ~[spring-aop-5.2.7.RELEASE.jar:5.2.7.RELEASE]
	at org.springframework.aop.framework.CglibAopProxy$CglibMethodInvocation.proceed(CglibAopProxy.java:749) ~[spring-aop-5.2.7.RELEASE.jar:5.2.7.RELEASE]
	at org.springframework.transaction.interceptor.TransactionAspectSupport.invokeWithinTransaction(TransactionAspectSupport.java:367) [spring-tx-5.2.7.RELEASE.jar:5.2.7.RELEASE]
	at org.springframework.transaction.interceptor.TransactionInterceptor.invoke(TransactionInterceptor.java:118) [spring-tx-5.2.7.RELEASE.jar:5.2.7.RELEASE]
	at org.springframework.aop.framework.ReflectiveMethodInvocation.proceed(ReflectiveMethodInvocation.java:186) [spring-aop-5.2.7.RELEASE.jar:5.2.7.RELEASE]
	at org.springframework.aop.framework.CglibAopProxy$CglibMethodInvocation.proceed(CglibAopProxy.java:749) [spring-aop-5.2.7.RELEASE.jar:5.2.7.RELEASE]
	at org.springframework.aop.interceptor.ExposeInvocationInterceptor.invoke(ExposeInvocationInterceptor.java:95) [spring-aop-5.2.7.RELEASE.jar:5.2.7.RELEASE]
	at org.springframework.aop.framework.ReflectiveMethodInvocation.proceed(ReflectiveMethodInvocation.java:186) [spring-aop-5.2.7.RELEASE.jar:5.2.7.RELEASE]
	at org.springframework.aop.framework.CglibAopProxy$CglibMethodInvocation.proceed(CglibAopProxy.java:749) [spring-aop-5.2.7.RELEASE.jar:5.2.7.RELEASE]
	at org.springframework.aop.framework.CglibAopProxy$DynamicAdvisedInterceptor.intercept(CglibAopProxy.java:691) [spring-aop-5.2.7.RELEASE.jar:5.2.7.RELEASE]
	at com.infy.service.CustomerServiceImpl$$EnhancerBySpringCGLIB$$73b4fa67.addCustomer(<generated>) [classes/:?]
	at com.infy.DemoSpringDataIdentityStrategyApplication.addCustomer(DemoSpringDataIdentityStrategyApplication.java:41) [classes/:?]
	at com.infy.DemoSpringDataIdentityStrategyApplication.run(DemoSpringDataIdentityStrategyApplication.java:32) [classes/:?]
	at org.springframework.boot.SpringApplication.callRunner(SpringApplication.java:795) [spring-boot-2.3.1.RELEASE.jar:2.3.1.RELEASE]
	at org.springframework.boot.SpringApplication.callRunners(SpringApplication.java:779) [spring-boot-2.3.1.RELEASE.jar:2.3.1.RELEASE]
	at org.springframework.boot.SpringApplication.run(SpringApplication.java:322) [spring-boot-2.3.1.RELEASE.jar:2.3.1.RELEASE]
	at org.springframework.boot.SpringApplication.run(SpringApplication.java:1237) [spring-boot-2.3.1.RELEASE.jar:2.3.1.RELEASE]
	at org.springframework.boot.SpringApplication.run(SpringApplication.java:1226) [spring-boot-2.3.1.RELEASE.jar:2.3.1.RELEASE]
	at com.infy.DemoSpringDataIdentityStrategyApplication.main(DemoSpringDataIdentityStrategyApplication.java:28) [classes/:?]
Caused by: org.hibernate.exception.GenericJDBCException: could not execute statement
	at org.hibernate.exception.internal.StandardSQLExceptionConverter.convert(StandardSQLExceptionConverter.java:47) ~[hibernate-core-5.4.17.Final.jar:5.4.17.Final]
	at org.hibernate.engine.jdbc.spi.SqlExceptionHelper.convert(SqlExceptionHelper.java:113) ~[hibernate-core-5.4.17.Final.jar:5.4.17.Final]
	at org.hibernate.engine.jdbc.spi.SqlExceptionHelper.convert(SqlExceptionHelper.java:99) ~[hibernate-core-5.4.17.Final.jar:5.4.17.Final]
	at org.hibernate.engine.jdbc.internal.ResultSetReturnImpl.executeUpdate(ResultSetReturnImpl.java:200) ~[hibernate-core-5.4.17.Final.jar:5.4.17.Final]
	at org.hibernate.dialect.identity.GetGeneratedKeysDelegate.executeAndExtract(GetGeneratedKeysDelegate.java:57) ~[hibernate-core-5.4.17.Final.jar:5.4.17.Final]
	at org.hibernate.id.insert.AbstractReturningDelegate.performInsert(AbstractReturningDelegate.java:43) ~[hibernate-core-5.4.17.Final.jar:5.4.17.Final]
	at org.hibernate.persister.entity.AbstractEntityPersister.insert(AbstractEntityPersister.java:3152) ~[hibernate-core-5.4.17.Final.jar:5.4.17.Final]
	at org.hibernate.persister.entity.AbstractEntityPersister.insert(AbstractEntityPersister.java:3756) ~[hibernate-core-5.4.17.Final.jar:5.4.17.Final]
	at org.hibernate.action.internal.EntityIdentityInsertAction.execute(EntityIdentityInsertAction.java:84) ~[hibernate-core-5.4.17.Final.jar:5.4.17.Final]
	at org.hibernate.engine.spi.ActionQueue.execute(ActionQueue.java:645) ~[hibernate-core-5.4.17.Final.jar:5.4.17.Final]
	at org.hibernate.engine.spi.ActionQueue.addResolvedEntityInsertAction(ActionQueue.java:282) ~[hibernate-core-5.4.17.Final.jar:5.4.17.Final]
	at org.hibernate.engine.spi.ActionQueue.addInsertAction(ActionQueue.java:263) ~[hibernate-core-5.4.17.Final.jar:5.4.17.Final]
	at org.hibernate.engine.spi.ActionQueue.addAction(ActionQueue.java:317) ~[hibernate-core-5.4.17.Final.jar:5.4.17.Final]
	at org.hibernate.event.internal.AbstractSaveEventListener.addInsertAction(AbstractSaveEventListener.java:330) ~[hibernate-core-5.4.17.Final.jar:5.4.17.Final]
	at org.hibernate.event.internal.AbstractSaveEventListener.performSaveOrReplicate(AbstractSaveEventListener.java:287) ~[hibernate-core-5.4.17.Final.jar:5.4.17.Final]
	at org.hibernate.event.internal.AbstractSaveEventListener.performSave(AbstractSaveEventListener.java:193) ~[hibernate-core-5.4.17.Final.jar:5.4.17.Final]
	at org.hibernate.event.internal.AbstractSaveEventListener.saveWithGeneratedId(AbstractSaveEventListener.java:123) ~[hibernate-core-5.4.17.Final.jar:5.4.17.Final]
	at org.hibernate.event.internal.DefaultPersistEventListener.entityIsTransient(DefaultPersistEventListener.java:185) ~[hibernate-core-5.4.17.Final.jar:5.4.17.Final]
	at org.hibernate.event.internal.DefaultPersistEventListener.onPersist(DefaultPersistEventListener.java:128) ~[hibernate-core-5.4.17.Final.jar:5.4.17.Final]
	at org.hibernate.event.internal.DefaultPersistEventListener.onPersist(DefaultPersistEventListener.java:55) ~[hibernate-core-5.4.17.Final.jar:5.4.17.Final]
	at org.hibernate.event.service.internal.EventListenerGroupImpl.fireEventOnEachListener(EventListenerGroupImpl.java:102) ~[hibernate-core-5.4.17.Final.jar:5.4.17.Final]
	at org.hibernate.internal.SessionImpl.firePersist(SessionImpl.java:718) ~[hibernate-core-5.4.17.Final.jar:5.4.17.Final]
	at org.hibernate.internal.SessionImpl.persist(SessionImpl.java:704) ~[hibernate-core-5.4.17.Final.jar:5.4.17.Final]
	at jdk.internal.reflect.NativeMethodAccessorImpl.invoke0(Native Method) ~[?:?]
	at jdk.internal.reflect.NativeMethodAccessorImpl.invoke(NativeMethodAccessorImpl.java:62) ~[?:?]
	at jdk.internal.reflect.DelegatingMethodAccessorImpl.invoke(DelegatingMethodAccessorImpl.java:43) ~[?:?]
	at java.lang.reflect.Method.invoke(Method.java:566) ~[?:?]
	at org.springframework.orm.jpa.SharedEntityManagerCreator$SharedEntityManagerInvocationHandler.invoke(SharedEntityManagerCreator.java:314) ~[spring-orm-5.2.7.RELEASE.jar:5.2.7.RELEASE]
	at com.sun.proxy.$Proxy86.persist(Unknown Source) ~[?:?]
	at org.springframework.data.jpa.repository.support.SimpleJpaRepository.save(SimpleJpaRepository.java:554) ~[spring-data-jpa-2.3.1.RELEASE.jar:2.3.1.RELEASE]
	at jdk.internal.reflect.NativeMethodAccessorImpl.invoke0(Native Method) ~[?:?]
	at jdk.internal.reflect.NativeMethodAccessorImpl.invoke(NativeMethodAccessorImpl.java:62) ~[?:?]
	at jdk.internal.reflect.DelegatingMethodAccessorImpl.invoke(DelegatingMethodAccessorImpl.java:43) ~[?:?]
	at java.lang.reflect.Method.invoke(Method.java:566) ~[?:?]
	at org.springframework.data.repository.core.support.ImplementationInvocationMetadata.invoke(ImplementationInvocationMetadata.java:72) ~[spring-data-commons-2.3.1.RELEASE.jar:2.3.1.RELEASE]
	at org.springframework.data.repository.core.support.RepositoryComposition$RepositoryFragments.invoke(RepositoryComposition.java:382) ~[spring-data-commons-2.3.1.RELEASE.jar:2.3.1.RELEASE]
	at org.springframework.data.repository.core.support.RepositoryComposition.invoke(RepositoryComposition.java:205) ~[spring-data-commons-2.3.1.RELEASE.jar:2.3.1.RELEASE]
	at org.springframework.data.repository.core.support.RepositoryFactorySupport$ImplementationMethodExecutionInterceptor.invoke(RepositoryFactorySupport.java:549) ~[spring-data-commons-2.3.1.RELEASE.jar:2.3.1.RELEASE]
	at org.springframework.aop.framework.ReflectiveMethodInvocation.proceed(ReflectiveMethodInvocation.java:186) ~[spring-aop-5.2.7.RELEASE.jar:5.2.7.RELEASE]
	at org.springframework.data.repository.core.support.QueryExecutorMethodInterceptor.doInvoke(QueryExecutorMethodInterceptor.java:155) ~[spring-data-commons-2.3.1.RELEASE.jar:2.3.1.RELEASE]
	at org.springframework.data.repository.core.support.QueryExecutorMethodInterceptor.invoke(QueryExecutorMethodInterceptor.java:130) ~[spring-data-commons-2.3.1.RELEASE.jar:2.3.1.RELEASE]
	at org.springframework.aop.framework.ReflectiveMethodInvocation.proceed(ReflectiveMethodInvocation.java:186) ~[spring-aop-5.2.7.RELEASE.jar:5.2.7.RELEASE]
	at org.springframework.transaction.interceptor.TransactionAspectSupport.invokeWithinTransaction(TransactionAspectSupport.java:367) ~[spring-tx-5.2.7.RELEASE.jar:5.2.7.RELEASE]
	at org.springframework.transaction.interceptor.TransactionInterceptor.invoke(TransactionInterceptor.java:118) ~[spring-tx-5.2.7.RELEASE.jar:5.2.7.RELEASE]
	at org.springframework.aop.framework.ReflectiveMethodInvocation.proceed(ReflectiveMethodInvocation.java:186) ~[spring-aop-5.2.7.RELEASE.jar:5.2.7.RELEASE]
	at org.springframework.dao.support.PersistenceExceptionTranslationInterceptor.invoke(PersistenceExceptionTranslationInterceptor.java:139) ~[spring-tx-5.2.7.RELEASE.jar:5.2.7.RELEASE]
	... 40 more
Caused by: java.sql.SQLException: Field 'customer_id' doesn't have a default value
	at com.mysql.cj.jdbc.exceptions.SQLError.createSQLException(SQLError.java:129) ~[mysql-connector-java-8.0.20.jar:8.0.20]
	at com.mysql.cj.jdbc.exceptions.SQLError.createSQLException(SQLError.java:97) ~[mysql-connector-java-8.0.20.jar:8.0.20]
	at com.mysql.cj.jdbc.exceptions.SQLExceptionsMapping.translateException(SQLExceptionsMapping.java:122) ~[mysql-connector-java-8.0.20.jar:8.0.20]
	at com.mysql.cj.jdbc.ClientPreparedStatement.executeInternal(ClientPreparedStatement.java:953) ~[mysql-connector-java-8.0.20.jar:8.0.20]
	at com.mysql.cj.jdbc.ClientPreparedStatement.executeUpdateInternal(ClientPreparedStatement.java:1092) ~[mysql-connector-java-8.0.20.jar:8.0.20]
	at com.mysql.cj.jdbc.ClientPreparedStatement.executeUpdateInternal(ClientPreparedStatement.java:1040) ~[mysql-connector-java-8.0.20.jar:8.0.20]
	at com.mysql.cj.jdbc.ClientPreparedStatement.executeLargeUpdate(ClientPreparedStatement.java:1347) ~[mysql-connector-java-8.0.20.jar:8.0.20]
	at com.mysql.cj.jdbc.ClientPreparedStatement.executeUpdate(ClientPreparedStatement.java:1025) ~[mysql-connector-java-8.0.20.jar:8.0.20]
	at com.zaxxer.hikari.pool.ProxyPreparedStatement.executeUpdate(ProxyPreparedStatement.java:61) ~[HikariCP-3.4.5.jar:?]
	at com.zaxxer.hikari.pool.HikariProxyPreparedStatement.executeUpdate(HikariProxyPreparedStatement.java) ~[HikariCP-3.4.5.jar:?]
	at org.hibernate.engine.jdbc.internal.ResultSetReturnImpl.executeUpdate(ResultSetReturnImpl.java:197) ~[hibernate-core-5.4.17.Final.jar:5.4.17.Final]
	at org.hibernate.dialect.identity.GetGeneratedKeysDelegate.executeAndExtract(GetGeneratedKeysDelegate.java:57) ~[hibernate-core-5.4.17.Final.jar:5.4.17.Final]
	at org.hibernate.id.insert.AbstractReturningDelegate.performInsert(AbstractReturningDelegate.java:43) ~[hibernate-core-5.4.17.Final.jar:5.4.17.Final]
	at org.hibernate.persister.entity.AbstractEntityPersister.insert(AbstractEntityPersister.java:3152) ~[hibernate-core-5.4.17.Final.jar:5.4.17.Final]
	at org.hibernate.persister.entity.AbstractEntityPersister.insert(AbstractEntityPersister.java:3756) ~[hibernate-core-5.4.17.Final.jar:5.4.17.Final]
	at org.hibernate.action.internal.EntityIdentityInsertAction.execute(EntityIdentityInsertAction.java:84) ~[hibernate-core-5.4.17.Final.jar:5.4.17.Final]
	at org.hibernate.engine.spi.ActionQueue.execute(ActionQueue.java:645) ~[hibernate-core-5.4.17.Final.jar:5.4.17.Final]
	at org.hibernate.engine.spi.ActionQueue.addResolvedEntityInsertAction(ActionQueue.java:282) ~[hibernate-core-5.4.17.Final.jar:5.4.17.Final]
	at org.hibernate.engine.spi.ActionQueue.addInsertAction(ActionQueue.java:263) ~[hibernate-core-5.4.17.Final.jar:5.4.17.Final]
	at org.hibernate.engine.spi.ActionQueue.addAction(ActionQueue.java:317) ~[hibernate-core-5.4.17.Final.jar:5.4.17.Final]
	at org.hibernate.event.internal.AbstractSaveEventListener.addInsertAction(AbstractSaveEventListener.java:330) ~[hibernate-core-5.4.17.Final.jar:5.4.17.Final]
	at org.hibernate.event.internal.AbstractSaveEventListener.performSaveOrReplicate(AbstractSaveEventListener.java:287) ~[hibernate-core-5.4.17.Final.jar:5.4.17.Final]
	at org.hibernate.event.internal.AbstractSaveEventListener.performSave(AbstractSaveEventListener.java:193) ~[hibernate-core-5.4.17.Final.jar:5.4.17.Final]
	at org.hibernate.event.internal.AbstractSaveEventListener.saveWithGeneratedId(AbstractSaveEventListener.java:123) ~[hibernate-core-5.4.17.Final.jar:5.4.17.Final]
	at org.hibernate.event.internal.DefaultPersistEventListener.entityIsTransient(DefaultPersistEventListener.java:185) ~[hibernate-core-5.4.17.Final.jar:5.4.17.Final]
	at org.hibernate.event.internal.DefaultPersistEventListener.onPersist(DefaultPersistEventListener.java:128) ~[hibernate-core-5.4.17.Final.jar:5.4.17.Final]
	at org.hibernate.event.internal.DefaultPersistEventListener.onPersist(DefaultPersistEventListener.java:55) ~[hibernate-core-5.4.17.Final.jar:5.4.17.Final]
	at org.hibernate.event.service.internal.EventListenerGroupImpl.fireEventOnEachListener(EventListenerGroupImpl.java:102) ~[hibernate-core-5.4.17.Final.jar:5.4.17.Final]
	at org.hibernate.internal.SessionImpl.firePersist(SessionImpl.java:718) ~[hibernate-core-5.4.17.Final.jar:5.4.17.Final]
	at org.hibernate.internal.SessionImpl.persist(SessionImpl.java:704) ~[hibernate-core-5.4.17.Final.jar:5.4.17.Final]
	at jdk.internal.reflect.NativeMethodAccessorImpl.invoke0(Native Method) ~[?:?]
	at jdk.internal.reflect.NativeMethodAccessorImpl.invoke(NativeMethodAccessorImpl.java:62) ~[?:?]
	at jdk.internal.reflect.DelegatingMethodAccessorImpl.invoke(DelegatingMethodAccessorImpl.java:43) ~[?:?]
	at java.lang.reflect.Method.invoke(Method.java:566) ~[?:?]
	at org.springframework.orm.jpa.SharedEntityManagerCreator$SharedEntityManagerInvocationHandler.invoke(SharedEntityManagerCreator.java:314) ~[spring-orm-5.2.7.RELEASE.jar:5.2.7.RELEASE]
	at com.sun.proxy.$Proxy86.persist(Unknown Source) ~[?:?]
	at org.springframework.data.jpa.repository.support.SimpleJpaRepository.save(SimpleJpaRepository.java:554) ~[spring-data-jpa-2.3.1.RELEASE.jar:2.3.1.RELEASE]
	at jdk.internal.reflect.NativeMethodAccessorImpl.invoke0(Native Method) ~[?:?]
	at jdk.internal.reflect.NativeMethodAccessorImpl.invoke(NativeMethodAccessorImpl.java:62) ~[?:?]
	at jdk.internal.reflect.DelegatingMethodAccessorImpl.invoke(DelegatingMethodAccessorImpl.java:43) ~[?:?]
	at java.lang.reflect.Method.invoke(Method.java:566) ~[?:?]
	at org.springframework.data.repository.core.support.ImplementationInvocationMetadata.invoke(ImplementationInvocationMetadata.java:72) ~[spring-data-commons-2.3.1.RELEASE.jar:2.3.1.RELEASE]
	at org.springframework.data.repository.core.support.RepositoryComposition$RepositoryFragments.invoke(RepositoryComposition.java:382) ~[spring-data-commons-2.3.1.RELEASE.jar:2.3.1.RELEASE]
	at org.springframework.data.repository.core.support.RepositoryComposition.invoke(RepositoryComposition.java:205) ~[spring-data-commons-2.3.1.RELEASE.jar:2.3.1.RELEASE]
	at org.springframework.data.repository.core.support.RepositoryFactorySupport$ImplementationMethodExecutionInterceptor.invoke(RepositoryFactorySupport.java:549) ~[spring-data-commons-2.3.1.RELEASE.jar:2.3.1.RELEASE]
	at org.springframework.aop.framework.ReflectiveMethodInvocation.proceed(ReflectiveMethodInvocation.java:186) ~[spring-aop-5.2.7.RELEASE.jar:5.2.7.RELEASE]
	at org.springframework.data.repository.core.support.QueryExecutorMethodInterceptor.doInvoke(QueryExecutorMethodInterceptor.java:155) ~[spring-data-commons-2.3.1.RELEASE.jar:2.3.1.RELEASE]
	at org.springframework.data.repository.core.support.QueryExecutorMethodInterceptor.invoke(QueryExecutorMethodInterceptor.java:130) ~[spring-data-commons-2.3.1.RELEASE.jar:2.3.1.RELEASE]
	at org.springframework.aop.framework.ReflectiveMethodInvocation.proceed(ReflectiveMethodInvocation.java:186) ~[spring-aop-5.2.7.RELEASE.jar:5.2.7.RELEASE]
	at org.springframework.transaction.interceptor.TransactionAspectSupport.invokeWithinTransaction(TransactionAspectSupport.java:367) ~[spring-tx-5.2.7.RELEASE.jar:5.2.7.RELEASE]
	at org.springframework.transaction.interceptor.TransactionInterceptor.invoke(TransactionInterceptor.java:118) ~[spring-tx-5.2.7.RELEASE.jar:5.2.7.RELEASE]
	at org.springframework.aop.framework.ReflectiveMethodInvocation.proceed(ReflectiveMethodInvocation.java:186) ~[spring-aop-5.2.7.RELEASE.jar:5.2.7.RELEASE]
	at org.springframework.dao.support.PersistenceExceptionTranslationInterceptor.invoke(PersistenceExceptionTranslationInterceptor.java:139) ~[spring-tx-5.2.7.RELEASE.jar:5.2.7.RELEASE]
	... 40 more
17-Jul-2020 12:28:43 INFO - Bootstrapping Spring Data JPA repositories in DEFERRED mode.
17-Jul-2020 12:28:44 INFO - Finished Spring Data repository scanning in 193ms. Found 1 JPA repository interfaces.
17-Jul-2020 12:28:46 INFO - Initializing ExecutorService 'applicationTaskExecutor'
17-Jul-2020 12:28:46 INFO - HikariPool-1 - Starting...
17-Jul-2020 12:28:48 INFO - HikariPool-1 - Start completed.
17-Jul-2020 12:28:49 INFO - HHH000204: Processing PersistenceUnitInfo [name: default]
17-Jul-2020 12:28:49 INFO - HHH000412: Hibernate ORM core version 5.4.17.Final
17-Jul-2020 12:28:50 INFO - Triggering deferred initialization of Spring Data repositories…
17-Jul-2020 12:28:50 INFO - HCANN000001: Hibernate Commons Annotations {5.1.0.Final}
17-Jul-2020 12:28:51 INFO - HHH000400: Using dialect: org.hibernate.dialect.MySQL8Dialect
17-Jul-2020 12:28:53 INFO - HHH000490: Using JtaPlatform implementation: [org.hibernate.engine.transaction.jta.platform.internal.NoJtaPlatform]
17-Jul-2020 12:28:53 INFO - Initialized JPA EntityManagerFactory for persistence unit 'default'
17-Jul-2020 12:28:54 INFO - Spring Data repositories initialized!
17-Jul-2020 12:29:53 INFO - Closing JPA EntityManagerFactory for persistence unit 'default'
12-Aug-2020 15:59:22 INFO - Bootstrapping Spring Data JPA repositories in DEFERRED mode.
12-Aug-2020 15:59:22 INFO - Finished Spring Data repository scanning in 80ms. Found 1 JPA repository interfaces.
12-Aug-2020 15:59:23 INFO - Initializing ExecutorService 'applicationTaskExecutor'
12-Aug-2020 15:59:23 INFO - HikariPool-1 - Starting...
12-Aug-2020 15:59:23 INFO - HikariPool-1 - Start completed.
12-Aug-2020 15:59:23 INFO - HHH000204: Processing PersistenceUnitInfo [name: default]
12-Aug-2020 15:59:23 INFO - HHH000412: Hibernate ORM core version 5.4.17.Final
12-Aug-2020 15:59:23 INFO - HCANN000001: Hibernate Commons Annotations {5.1.0.Final}
12-Aug-2020 15:59:24 INFO - Triggering deferred initialization of Spring Data repositories…
12-Aug-2020 15:59:24 INFO - HHH000400: Using dialect: org.hibernate.dialect.MySQL55Dialect
12-Aug-2020 15:59:25 INFO - HHH000490: Using JtaPlatform implementation: [org.hibernate.engine.transaction.jta.platform.internal.NoJtaPlatform]
12-Aug-2020 15:59:25 INFO - Initialized JPA EntityManagerFactory for persistence unit 'default'
12-Aug-2020 15:59:25 INFO - Spring Data repositories initialized!
29-Dec-2021 14:48:34 INFO - Bootstrapping Spring Data JPA repositories in DEFAULT mode.
29-Dec-2021 14:48:34 INFO - Finished Spring Data repository scanning in 38 ms. Found 1 JPA repository interfaces.
29-Dec-2021 14:48:35 INFO - HikariPool-1 - Starting...
29-Dec-2021 14:48:35 INFO - HikariPool-1 - Start completed.
29-Dec-2021 14:48:35 INFO - HHH000204: Processing PersistenceUnitInfo [name: default]
29-Dec-2021 14:48:35 INFO - HHH000412: Hibernate ORM core version 5.6.3.Final
29-Dec-2021 14:48:35 INFO - HCANN000001: Hibernate Commons Annotations {5.1.2.Final}
29-Dec-2021 14:48:36 INFO - HHH000400: Using dialect: org.hibernate.dialect.MySQL8Dialect
29-Dec-2021 14:48:36 INFO - HHH000490: Using JtaPlatform implementation: [org.hibernate.engine.transaction.jta.platform.internal.NoJtaPlatform]
29-Dec-2021 14:48:36 INFO - Initialized JPA EntityManagerFactory for persistence unit 'default'
29-Dec-2021 14:48:37 INFO - Closing JPA EntityManagerFactory for persistence unit 'default'
29-Dec-2021 14:48:37 INFO - HikariPool-1 - Shutdown initiated...
29-Dec-2021 14:48:37 INFO - HikariPool-1 - Shutdown completed.
29-Dec-2021 17:18:58 INFO - Bootstrapping Spring Data JPA repositories in DEFAULT mode.
29-Dec-2021 17:18:58 INFO - Finished Spring Data repository scanning in 76 ms. Found 1 JPA repository interfaces.
29-Dec-2021 17:18:59 INFO - HikariPool-1 - Starting...
29-Dec-2021 17:19:00 INFO - HikariPool-1 - Start completed.
29-Dec-2021 17:19:00 INFO - HHH000204: Processing PersistenceUnitInfo [name: default]
29-Dec-2021 17:19:00 INFO - HHH000412: Hibernate ORM core version 5.6.3.Final
29-Dec-2021 17:19:01 INFO - HCANN000001: Hibernate Commons Annotations {5.1.2.Final}
29-Dec-2021 17:19:01 INFO - HHH000400: Using dialect: org.hibernate.dialect.MySQL8Dialect
29-Dec-2021 17:19:02 INFO - HHH000490: Using JtaPlatform implementation: [org.hibernate.engine.transaction.jta.platform.internal.NoJtaPlatform]
29-Dec-2021 17:19:02 INFO - Initialized JPA EntityManagerFactory for persistence unit 'default'
29-Dec-2021 17:19:03 INFO - Closing JPA EntityManagerFactory for persistence unit 'default'
29-Dec-2021 17:19:03 INFO - HikariPool-1 - Shutdown initiated...
29-Dec-2021 17:19:03 INFO - HikariPool-1 - Shutdown completed.
05-Jul-2023 09:59:03 INFO - Bootstrapping Spring Data JPA repositories in DEFAULT mode.
05-Jul-2023 09:59:03 INFO - Finished Spring Data repository scanning in 215 ms. Found 1 JPA repository interfaces.
05-Jul-2023 09:59:05 INFO - HikariPool-1 - Starting...
05-Jul-2023 09:59:06 INFO - HikariPool-1 - Added connection com.mysql.cj.jdbc.ConnectionImpl@59498d94
05-Jul-2023 09:59:06 INFO - HikariPool-1 - Start completed.
05-Jul-2023 09:59:06 INFO - HHH000204: Processing PersistenceUnitInfo [name: default]
05-Jul-2023 09:59:07 INFO - HHH000412: Hibernate ORM core version 6.2.5.Final
05-Jul-2023 09:59:07 INFO - HHH000406: Using bytecode reflection optimizer
05-Jul-2023 09:59:07 INFO - HHH000021: Bytecode provider name : bytebuddy
05-Jul-2023 09:59:08 INFO - No LoadTimeWeaver setup: ignoring JPA class transformer
05-Jul-2023 09:59:08 INFO - HHH000021: Bytecode provider name : bytebuddy
05-Jul-2023 09:59:10 INFO - HHH000490: Using JtaPlatform implementation: [org.hibernate.engine.transaction.jta.platform.internal.NoJtaPlatform]
05-Jul-2023 09:59:10 INFO - Initialized JPA EntityManagerFactory for persistence unit 'default'
05-Jul-2023 09:59:12 INFO - Closing JPA EntityManagerFactory for persistence unit 'default'
05-Jul-2023 09:59:12 INFO - HikariPool-1 - Shutdown initiated...
05-Jul-2023 09:59:12 INFO - HikariPool-1 - Shutdown completed.
