08-Jul-2020 19:03:24 INFO - Starting DemoSpringDataManyToOneMappingApplication on MYSHEC119503L with PID 20772 (D:\content\FA2\new\zips\Demo_SpringData_ManyToOneMapping\Demo_SpringData_ManyToOneMapping\target\classes started by ria.singh in D:\content\FA2\new\zips\Demo_SpringData_ManyToOneMapping\Demo_SpringData_ManyToOneMapping)
08-Jul-2020 19:03:24 INFO - No active profile set, falling back to default profiles: default
08-Jul-2020 19:03:26 INFO - Bootstrapping Spring Data JPA repositories in DEFERRED mode.
08-Jul-2020 19:03:26 INFO - Finished Spring Data repository scanning in 135ms. Found 2 JPA repository interfaces.
08-Jul-2020 19:03:27 INFO - Initializing ExecutorService 'applicationTaskExecutor'
08-Jul-2020 19:03:27 INFO - HikariPool-1 - Starting...
08-Jul-2020 19:03:28 INFO - HikariPool-1 - Start completed.
08-Jul-2020 19:03:29 INFO - HHH000204: Processing PersistenceUnitInfo [name: default]
08-Jul-2020 19:03:29 INFO - HHH000412: Hibernate ORM core version 5.4.17.Final
08-Jul-2020 19:03:29 INFO - Triggering deferred initialization of Spring Data repositories…
08-Jul-2020 19:03:30 INFO - HCANN000001: Hibernate Commons Annotations {5.1.0.Final}
08-Jul-2020 19:03:30 INFO - HHH000400: Using dialect: org.hibernate.dialect.MySQL8Dialect
08-Jul-2020 19:03:32 INFO - HHH000490: Using JtaPlatform implementation: [org.hibernate.engine.transaction.jta.platform.internal.NoJtaPlatform]
08-Jul-2020 19:03:32 INFO - Initialized JPA EntityManagerFactory for persistence unit 'default'
08-Jul-2020 19:03:32 INFO - Spring Data repositories initialized!
08-Jul-2020 19:03:32 INFO - Started DemoSpringDataManyToOneMappingApplication in 8.636 seconds (JVM running for 10.319)
17-Jul-2020 15:11:06 INFO - Bootstrapping Spring Data JPA repositories in DEFERRED mode.
17-Jul-2020 15:11:07 INFO - Finished Spring Data repository scanning in 153ms. Found 2 JPA repository interfaces.
17-Jul-2020 15:11:08 INFO - Initializing ExecutorService 'applicationTaskExecutor'
17-Jul-2020 15:11:08 INFO - HikariPool-1 - Starting...
17-Jul-2020 15:11:09 INFO - HikariPool-1 - Start completed.
17-Jul-2020 15:11:09 INFO - HHH000204: Processing PersistenceUnitInfo [name: default]
17-Jul-2020 15:11:10 INFO - HHH000412: Hibernate ORM core version 5.4.17.Final
17-Jul-2020 15:11:10 INFO - Triggering deferred initialization of Spring Data repositories…
17-Jul-2020 15:11:11 INFO - HCANN000001: Hibernate Commons Annotations {5.1.0.Final}
17-Jul-2020 15:11:11 INFO - HHH000400: Using dialect: org.hibernate.dialect.MySQL8Dialect
17-Jul-2020 15:11:13 INFO - HHH000490: Using JtaPlatform implementation: [org.hibernate.engine.transaction.jta.platform.internal.NoJtaPlatform]
17-Jul-2020 15:11:13 INFO - Initialized JPA EntityManagerFactory for persistence unit 'default'
17-Jul-2020 15:11:13 INFO - Spring Data repositories initialized!
17-Jul-2020 15:12:01 INFO - Bootstrapping Spring Data JPA repositories in DEFERRED mode.
17-Jul-2020 15:12:01 INFO - Finished Spring Data repository scanning in 141ms. Found 2 JPA repository interfaces.
17-Jul-2020 15:12:02 INFO - Initializing ExecutorService 'applicationTaskExecutor'
17-Jul-2020 15:12:02 INFO - HikariPool-1 - Starting...
17-Jul-2020 15:12:04 INFO - HikariPool-1 - Start completed.
17-Jul-2020 15:12:04 INFO - HHH000204: Processing PersistenceUnitInfo [name: default]
17-Jul-2020 15:12:04 INFO - HHH000412: Hibernate ORM core version 5.4.17.Final
17-Jul-2020 15:12:04 INFO - Triggering deferred initialization of Spring Data repositories…
17-Jul-2020 15:12:05 INFO - HCANN000001: Hibernate Commons Annotations {5.1.0.Final}
17-Jul-2020 15:12:05 INFO - HHH000400: Using dialect: org.hibernate.dialect.MySQL8Dialect
17-Jul-2020 15:12:07 INFO - HHH000490: Using JtaPlatform implementation: [org.hibernate.engine.transaction.jta.platform.internal.NoJtaPlatform]
17-Jul-2020 15:12:07 INFO - Initialized JPA EntityManagerFactory for persistence unit 'default'
17-Jul-2020 15:12:07 INFO - Spring Data repositories initialized!
17-Jul-2020 15:12:56 INFO - Bootstrapping Spring Data JPA repositories in DEFERRED mode.
17-Jul-2020 15:12:56 INFO - Finished Spring Data repository scanning in 135ms. Found 2 JPA repository interfaces.
17-Jul-2020 15:12:57 INFO - Initializing ExecutorService 'applicationTaskExecutor'
17-Jul-2020 15:12:57 INFO - HikariPool-1 - Starting...
17-Jul-2020 15:12:58 INFO - HikariPool-1 - Start completed.
17-Jul-2020 15:12:58 INFO - HHH000204: Processing PersistenceUnitInfo [name: default]
17-Jul-2020 15:12:59 INFO - HHH000412: Hibernate ORM core version 5.4.17.Final
17-Jul-2020 15:12:59 INFO - Triggering deferred initialization of Spring Data repositories…
17-Jul-2020 15:12:59 INFO - HCANN000001: Hibernate Commons Annotations {5.1.0.Final}
17-Jul-2020 15:13:00 INFO - HHH000400: Using dialect: org.hibernate.dialect.MySQL8Dialect
17-Jul-2020 15:13:01 INFO - HHH000490: Using JtaPlatform implementation: [org.hibernate.engine.transaction.jta.platform.internal.NoJtaPlatform]
17-Jul-2020 15:13:01 INFO - Initialized JPA EntityManagerFactory for persistence unit 'default'
17-Jul-2020 15:13:02 INFO - Spring Data repositories initialized!
17-Jul-2020 15:13:40 INFO - Bootstrapping Spring Data JPA repositories in DEFERRED mode.
17-Jul-2020 15:13:40 INFO - Finished Spring Data repository scanning in 123ms. Found 2 JPA repository interfaces.
17-Jul-2020 15:13:41 INFO - Initializing ExecutorService 'applicationTaskExecutor'
17-Jul-2020 15:13:41 INFO - HikariPool-1 - Starting...
17-Jul-2020 15:13:43 INFO - HikariPool-1 - Start completed.
17-Jul-2020 15:13:43 INFO - HHH000204: Processing PersistenceUnitInfo [name: default]
17-Jul-2020 15:13:43 INFO - HHH000412: Hibernate ORM core version 5.4.17.Final
17-Jul-2020 15:13:43 INFO - Triggering deferred initialization of Spring Data repositories…
17-Jul-2020 15:13:44 INFO - HCANN000001: Hibernate Commons Annotations {5.1.0.Final}
17-Jul-2020 15:13:44 INFO - HHH000400: Using dialect: org.hibernate.dialect.MySQL8Dialect
17-Jul-2020 15:13:45 INFO - HHH000490: Using JtaPlatform implementation: [org.hibernate.engine.transaction.jta.platform.internal.NoJtaPlatform]
17-Jul-2020 15:13:45 INFO - Initialized JPA EntityManagerFactory for persistence unit 'default'
17-Jul-2020 15:13:46 INFO - Spring Data repositories initialized!
17-Jul-2020 15:14:38 INFO - Bootstrapping Spring Data JPA repositories in DEFERRED mode.
17-Jul-2020 15:14:38 INFO - Finished Spring Data repository scanning in 130ms. Found 2 JPA repository interfaces.
17-Jul-2020 15:14:40 INFO - Initializing ExecutorService 'applicationTaskExecutor'
17-Jul-2020 15:14:40 INFO - HikariPool-1 - Starting...
17-Jul-2020 15:14:41 INFO - HikariPool-1 - Start completed.
17-Jul-2020 15:14:41 INFO - HHH000204: Processing PersistenceUnitInfo [name: default]
17-Jul-2020 15:14:41 INFO - HHH000412: Hibernate ORM core version 5.4.17.Final
17-Jul-2020 15:14:42 INFO - Triggering deferred initialization of Spring Data repositories…
17-Jul-2020 15:14:42 INFO - HCANN000001: Hibernate Commons Annotations {5.1.0.Final}
17-Jul-2020 15:14:42 INFO - HHH000400: Using dialect: org.hibernate.dialect.MySQL8Dialect
17-Jul-2020 15:14:44 INFO - HHH000490: Using JtaPlatform implementation: [org.hibernate.engine.transaction.jta.platform.internal.NoJtaPlatform]
17-Jul-2020 15:14:44 INFO - Initialized JPA EntityManagerFactory for persistence unit 'default'
17-Jul-2020 15:14:44 INFO - Spring Data repositories initialized!
17-Jul-2020 15:14:45 INFO - Closing JPA EntityManagerFactory for persistence unit 'default'
29-Dec-2021 14:46:24 INFO - Bootstrapping Spring Data JPA repositories in DEFAULT mode.
29-Dec-2021 14:46:24 INFO - Finished Spring Data repository scanning in 40 ms. Found 2 JPA repository interfaces.
29-Dec-2021 14:46:24 INFO - HikariPool-1 - Starting...
29-Dec-2021 14:46:25 INFO - HikariPool-1 - Start completed.
29-Dec-2021 14:46:25 INFO - HHH000204: Processing PersistenceUnitInfo [name: default]
29-Dec-2021 14:46:25 INFO - HHH000412: Hibernate ORM core version 5.6.3.Final
29-Dec-2021 14:46:25 INFO - HCANN000001: Hibernate Commons Annotations {5.1.2.Final}
29-Dec-2021 14:46:25 INFO - HHH000400: Using dialect: org.hibernate.dialect.MySQL8Dialect
29-Dec-2021 14:46:26 INFO - HHH000490: Using JtaPlatform implementation: [org.hibernate.engine.transaction.jta.platform.internal.NoJtaPlatform]
29-Dec-2021 14:46:26 INFO - Initialized JPA EntityManagerFactory for persistence unit 'default'
29-Dec-2021 14:46:27 INFO - Closing JPA EntityManagerFactory for persistence unit 'default'
29-Dec-2021 14:46:27 INFO - HikariPool-1 - Shutdown initiated...
29-Dec-2021 14:46:27 INFO - HikariPool-1 - Shutdown completed.
29-Dec-2021 17:09:39 INFO - Bootstrapping Spring Data JPA repositories in DEFAULT mode.
29-Dec-2021 17:09:39 INFO - Finished Spring Data repository scanning in 79 ms. Found 2 JPA repository interfaces.
29-Dec-2021 17:09:40 INFO - HikariPool-1 - Starting...
29-Dec-2021 17:09:41 INFO - HikariPool-1 - Start completed.
29-Dec-2021 17:09:41 INFO - HHH000204: Processing PersistenceUnitInfo [name: default]
29-Dec-2021 17:09:41 INFO - HHH000412: Hibernate ORM core version 5.6.3.Final
29-Dec-2021 17:09:42 INFO - HCANN000001: Hibernate Commons Annotations {5.1.2.Final}
29-Dec-2021 17:09:42 INFO - HHH000400: Using dialect: org.hibernate.dialect.MySQL8Dialect
29-Dec-2021 17:09:43 INFO - HHH000490: Using JtaPlatform implementation: [org.hibernate.engine.transaction.jta.platform.internal.NoJtaPlatform]
29-Dec-2021 17:09:43 INFO - Initialized JPA EntityManagerFactory for persistence unit 'default'
29-Dec-2021 17:09:45 WARN - SQL Error: 1062, SQLState: 23000
29-Dec-2021 17:09:45 ERROR - Duplicate entry '1006' for key 'customer.PRIMARY'
29-Dec-2021 17:09:45 INFO - HHH000010: On release of batch it still contained JDBC statements
29-Dec-2021 17:09:45 ERROR - could not execute statement; SQL [n/a]; constraint [customer.PRIMARY]; nested exception is org.hibernate.exception.ConstraintViolationException: could not execute statement
org.springframework.dao.DataIntegrityViolationException: could not execute statement; SQL [n/a]; constraint [customer.PRIMARY]; nested exception is org.hibernate.exception.ConstraintViolationException: could not execute statement
	at org.springframework.orm.jpa.vendor.HibernateJpaDialect.convertHibernateAccessException(HibernateJpaDialect.java:276) ~[spring-orm-5.3.14.jar:5.3.14]
	at org.springframework.orm.jpa.vendor.HibernateJpaDialect.translateExceptionIfPossible(HibernateJpaDialect.java:233) ~[spring-orm-5.3.14.jar:5.3.14]
	at org.springframework.orm.jpa.AbstractEntityManagerFactoryBean.translateExceptionIfPossible(AbstractEntityManagerFactoryBean.java:551) ~[spring-orm-5.3.14.jar:5.3.14]
	at org.springframework.dao.support.ChainedPersistenceExceptionTranslator.translateExceptionIfPossible(ChainedPersistenceExceptionTranslator.java:61) ~[spring-tx-5.3.14.jar:5.3.14]
	at org.springframework.dao.support.DataAccessUtils.translateIfNecessary(DataAccessUtils.java:242) ~[spring-tx-5.3.14.jar:5.3.14]
	at org.springframework.dao.support.PersistenceExceptionTranslationInterceptor.invoke(PersistenceExceptionTranslationInterceptor.java:152) ~[spring-tx-5.3.14.jar:5.3.14]
	at org.springframework.aop.framework.ReflectiveMethodInvocation.proceed(ReflectiveMethodInvocation.java:186) ~[spring-aop-5.3.14.jar:5.3.14]
	at org.springframework.data.jpa.repository.support.CrudMethodMetadataPostProcessor$CrudMethodMetadataPopulatingMethodInterceptor.invoke(CrudMethodMetadataPostProcessor.java:174) ~[spring-data-jpa-2.6.0.jar:2.6.0]
	at org.springframework.aop.framework.ReflectiveMethodInvocation.proceed(ReflectiveMethodInvocation.java:186) ~[spring-aop-5.3.14.jar:5.3.14]
	at org.springframework.aop.interceptor.ExposeInvocationInterceptor.invoke(ExposeInvocationInterceptor.java:97) ~[spring-aop-5.3.14.jar:5.3.14]
	at org.springframework.aop.framework.ReflectiveMethodInvocation.proceed(ReflectiveMethodInvocation.java:186) ~[spring-aop-5.3.14.jar:5.3.14]
	at org.springframework.aop.framework.JdkDynamicAopProxy.invoke(JdkDynamicAopProxy.java:215) ~[spring-aop-5.3.14.jar:5.3.14]
	at com.sun.proxy.$Proxy109.save(Unknown Source) ~[?:?]
	at com.infy.service.CustomerLoanServiceImpl.addLoanAndCustomer(CustomerLoanServiceImpl.java:74) ~[classes/:?]
	at com.infy.service.CustomerLoanServiceImpl$$FastClassBySpringCGLIB$$98c82e65.invoke(<generated>) ~[classes/:?]
	at org.springframework.cglib.proxy.MethodProxy.invoke(MethodProxy.java:218) ~[spring-core-5.3.14.jar:5.3.14]
	at org.springframework.aop.framework.CglibAopProxy$CglibMethodInvocation.invokeJoinpoint(CglibAopProxy.java:783) ~[spring-aop-5.3.14.jar:5.3.14]
	at org.springframework.aop.framework.ReflectiveMethodInvocation.proceed(ReflectiveMethodInvocation.java:163) ~[spring-aop-5.3.14.jar:5.3.14]
	at org.springframework.aop.framework.CglibAopProxy$CglibMethodInvocation.proceed(CglibAopProxy.java:753) ~[spring-aop-5.3.14.jar:5.3.14]
	at org.springframework.aop.aspectj.AspectJAfterThrowingAdvice.invoke(AspectJAfterThrowingAdvice.java:64) [spring-aop-5.3.14.jar:5.3.14]
	at org.springframework.aop.framework.ReflectiveMethodInvocation.proceed(ReflectiveMethodInvocation.java:186) [spring-aop-5.3.14.jar:5.3.14]
	at org.springframework.aop.framework.CglibAopProxy$CglibMethodInvocation.proceed(CglibAopProxy.java:753) [spring-aop-5.3.14.jar:5.3.14]
	at org.springframework.transaction.interceptor.TransactionInterceptor$1.proceedWithInvocation(TransactionInterceptor.java:123) [spring-tx-5.3.14.jar:5.3.14]
	at org.springframework.transaction.interceptor.TransactionAspectSupport.invokeWithinTransaction(TransactionAspectSupport.java:388) [spring-tx-5.3.14.jar:5.3.14]
	at org.springframework.transaction.interceptor.TransactionInterceptor.invoke(TransactionInterceptor.java:119) [spring-tx-5.3.14.jar:5.3.14]
	at org.springframework.aop.framework.ReflectiveMethodInvocation.proceed(ReflectiveMethodInvocation.java:186) [spring-aop-5.3.14.jar:5.3.14]
	at org.springframework.aop.framework.CglibAopProxy$CglibMethodInvocation.proceed(CglibAopProxy.java:753) [spring-aop-5.3.14.jar:5.3.14]
	at org.springframework.aop.interceptor.ExposeInvocationInterceptor.invoke(ExposeInvocationInterceptor.java:97) [spring-aop-5.3.14.jar:5.3.14]
	at org.springframework.aop.framework.ReflectiveMethodInvocation.proceed(ReflectiveMethodInvocation.java:186) [spring-aop-5.3.14.jar:5.3.14]
	at org.springframework.aop.framework.CglibAopProxy$CglibMethodInvocation.proceed(CglibAopProxy.java:753) [spring-aop-5.3.14.jar:5.3.14]
	at org.springframework.aop.framework.CglibAopProxy$DynamicAdvisedInterceptor.intercept(CglibAopProxy.java:698) [spring-aop-5.3.14.jar:5.3.14]
	at com.infy.service.CustomerLoanServiceImpl$$EnhancerBySpringCGLIB$$1fc62fb8.addLoanAndCustomer(<generated>) [classes/:?]
	at com.infy.DemoManyToOneApplication.addLoanAndCustomer(DemoManyToOneApplication.java:69) [classes/:?]
	at com.infy.DemoManyToOneApplication.run(DemoManyToOneApplication.java:35) [classes/:?]
	at org.springframework.boot.SpringApplication.callRunner(SpringApplication.java:767) [spring-boot-2.6.2.jar:2.6.2]
	at org.springframework.boot.SpringApplication.callRunners(SpringApplication.java:751) [spring-boot-2.6.2.jar:2.6.2]
	at org.springframework.boot.SpringApplication.run(SpringApplication.java:309) [spring-boot-2.6.2.jar:2.6.2]
	at org.springframework.boot.SpringApplication.run(SpringApplication.java:1301) [spring-boot-2.6.2.jar:2.6.2]
	at org.springframework.boot.SpringApplication.run(SpringApplication.java:1290) [spring-boot-2.6.2.jar:2.6.2]
	at com.infy.DemoManyToOneApplication.main(DemoManyToOneApplication.java:29) [classes/:?]
Caused by: org.hibernate.exception.ConstraintViolationException: could not execute statement
	at org.hibernate.exception.internal.SQLExceptionTypeDelegate.convert(SQLExceptionTypeDelegate.java:59) ~[hibernate-core-5.6.3.Final.jar:5.6.3.Final]
	at org.hibernate.exception.internal.StandardSQLExceptionConverter.convert(StandardSQLExceptionConverter.java:37) ~[hibernate-core-5.6.3.Final.jar:5.6.3.Final]
	at org.hibernate.engine.jdbc.spi.SqlExceptionHelper.convert(SqlExceptionHelper.java:113) ~[hibernate-core-5.6.3.Final.jar:5.6.3.Final]
	at org.hibernate.engine.jdbc.spi.SqlExceptionHelper.convert(SqlExceptionHelper.java:99) ~[hibernate-core-5.6.3.Final.jar:5.6.3.Final]
	at org.hibernate.engine.jdbc.internal.ResultSetReturnImpl.executeUpdate(ResultSetReturnImpl.java:200) ~[hibernate-core-5.6.3.Final.jar:5.6.3.Final]
	at org.hibernate.engine.jdbc.batch.internal.NonBatchingBatch.addToBatch(NonBatchingBatch.java:46) ~[hibernate-core-5.6.3.Final.jar:5.6.3.Final]
	at org.hibernate.persister.entity.AbstractEntityPersister.insert(AbstractEntityPersister.java:3375) ~[hibernate-core-5.6.3.Final.jar:5.6.3.Final]
	at org.hibernate.persister.entity.AbstractEntityPersister.insert(AbstractEntityPersister.java:3908) ~[hibernate-core-5.6.3.Final.jar:5.6.3.Final]
	at org.hibernate.action.internal.EntityInsertAction.execute(EntityInsertAction.java:107) ~[hibernate-core-5.6.3.Final.jar:5.6.3.Final]
	at org.hibernate.engine.spi.ActionQueue.executeActions(ActionQueue.java:604) ~[hibernate-core-5.6.3.Final.jar:5.6.3.Final]
	at org.hibernate.engine.spi.ActionQueue.executeInserts(ActionQueue.java:461) ~[hibernate-core-5.6.3.Final.jar:5.6.3.Final]
	at org.hibernate.engine.spi.ActionQueue.addInsertAction(ActionQueue.java:258) ~[hibernate-core-5.6.3.Final.jar:5.6.3.Final]
	at org.hibernate.engine.spi.ActionQueue.addAction(ActionQueue.java:317) ~[hibernate-core-5.6.3.Final.jar:5.6.3.Final]
	at org.hibernate.event.internal.AbstractSaveEventListener.addInsertAction(AbstractSaveEventListener.java:330) ~[hibernate-core-5.6.3.Final.jar:5.6.3.Final]
	at org.hibernate.event.internal.AbstractSaveEventListener.performSaveOrReplicate(AbstractSaveEventListener.java:287) ~[hibernate-core-5.6.3.Final.jar:5.6.3.Final]
	at org.hibernate.event.internal.AbstractSaveEventListener.performSave(AbstractSaveEventListener.java:193) ~[hibernate-core-5.6.3.Final.jar:5.6.3.Final]
	at org.hibernate.event.internal.AbstractSaveEventListener.saveWithGeneratedId(AbstractSaveEventListener.java:123) ~[hibernate-core-5.6.3.Final.jar:5.6.3.Final]
	at org.hibernate.event.internal.DefaultPersistEventListener.entityIsTransient(DefaultPersistEventListener.java:185) ~[hibernate-core-5.6.3.Final.jar:5.6.3.Final]
	at org.hibernate.event.internal.DefaultPersistEventListener.onPersist(DefaultPersistEventListener.java:128) ~[hibernate-core-5.6.3.Final.jar:5.6.3.Final]
	at org.hibernate.event.internal.DefaultPersistEventListener.onPersist(DefaultPersistEventListener.java:55) ~[hibernate-core-5.6.3.Final.jar:5.6.3.Final]
	at org.hibernate.event.service.internal.EventListenerGroupImpl.fireEventOnEachListener(EventListenerGroupImpl.java:107) ~[hibernate-core-5.6.3.Final.jar:5.6.3.Final]
	at org.hibernate.internal.SessionImpl.firePersist(SessionImpl.java:760) ~[hibernate-core-5.6.3.Final.jar:5.6.3.Final]
	at org.hibernate.internal.SessionImpl.persist(SessionImpl.java:746) ~[hibernate-core-5.6.3.Final.jar:5.6.3.Final]
	at jdk.internal.reflect.NativeMethodAccessorImpl.invoke0(Native Method) ~[?:?]
	at jdk.internal.reflect.NativeMethodAccessorImpl.invoke(NativeMethodAccessorImpl.java:62) ~[?:?]
	at jdk.internal.reflect.DelegatingMethodAccessorImpl.invoke(DelegatingMethodAccessorImpl.java:43) ~[?:?]
	at java.lang.reflect.Method.invoke(Method.java:566) ~[?:?]
	at org.springframework.orm.jpa.SharedEntityManagerCreator$SharedEntityManagerInvocationHandler.invoke(SharedEntityManagerCreator.java:311) ~[spring-orm-5.3.14.jar:5.3.14]
	at com.sun.proxy.$Proxy103.persist(Unknown Source) ~[?:?]
	at org.springframework.data.jpa.repository.support.SimpleJpaRepository.save(SimpleJpaRepository.java:624) ~[spring-data-jpa-2.6.0.jar:2.6.0]
	at jdk.internal.reflect.NativeMethodAccessorImpl.invoke0(Native Method) ~[?:?]
	at jdk.internal.reflect.NativeMethodAccessorImpl.invoke(NativeMethodAccessorImpl.java:62) ~[?:?]
	at jdk.internal.reflect.DelegatingMethodAccessorImpl.invoke(DelegatingMethodAccessorImpl.java:43) ~[?:?]
	at java.lang.reflect.Method.invoke(Method.java:566) ~[?:?]
	at org.springframework.data.repository.core.support.RepositoryMethodInvoker$RepositoryFragmentMethodInvoker.lambda$new$0(RepositoryMethodInvoker.java:289) ~[spring-data-commons-2.6.0.jar:2.6.0]
	at org.springframework.data.repository.core.support.RepositoryMethodInvoker.doInvoke(RepositoryMethodInvoker.java:137) ~[spring-data-commons-2.6.0.jar:2.6.0]
	at org.springframework.data.repository.core.support.RepositoryMethodInvoker.invoke(RepositoryMethodInvoker.java:121) ~[spring-data-commons-2.6.0.jar:2.6.0]
	at org.springframework.data.repository.core.support.RepositoryComposition$RepositoryFragments.invoke(RepositoryComposition.java:529) ~[spring-data-commons-2.6.0.jar:2.6.0]
	at org.springframework.data.repository.core.support.RepositoryComposition.invoke(RepositoryComposition.java:285) ~[spring-data-commons-2.6.0.jar:2.6.0]
	at org.springframework.data.repository.core.support.RepositoryFactorySupport$ImplementationMethodExecutionInterceptor.invoke(RepositoryFactorySupport.java:638) ~[spring-data-commons-2.6.0.jar:2.6.0]
	at org.springframework.aop.framework.ReflectiveMethodInvocation.proceed(ReflectiveMethodInvocation.java:186) ~[spring-aop-5.3.14.jar:5.3.14]
	at org.springframework.data.repository.core.support.QueryExecutorMethodInterceptor.doInvoke(QueryExecutorMethodInterceptor.java:163) ~[spring-data-commons-2.6.0.jar:2.6.0]
	at org.springframework.data.repository.core.support.QueryExecutorMethodInterceptor.invoke(QueryExecutorMethodInterceptor.java:138) ~[spring-data-commons-2.6.0.jar:2.6.0]
	at org.springframework.aop.framework.ReflectiveMethodInvocation.proceed(ReflectiveMethodInvocation.java:186) ~[spring-aop-5.3.14.jar:5.3.14]
	at org.springframework.transaction.interceptor.TransactionInterceptor$1.proceedWithInvocation(TransactionInterceptor.java:123) ~[spring-tx-5.3.14.jar:5.3.14]
	at org.springframework.transaction.interceptor.TransactionAspectSupport.invokeWithinTransaction(TransactionAspectSupport.java:388) ~[spring-tx-5.3.14.jar:5.3.14]
	at org.springframework.transaction.interceptor.TransactionInterceptor.invoke(TransactionInterceptor.java:119) ~[spring-tx-5.3.14.jar:5.3.14]
	at org.springframework.aop.framework.ReflectiveMethodInvocation.proceed(ReflectiveMethodInvocation.java:186) ~[spring-aop-5.3.14.jar:5.3.14]
	at org.springframework.dao.support.PersistenceExceptionTranslationInterceptor.invoke(PersistenceExceptionTranslationInterceptor.java:137) ~[spring-tx-5.3.14.jar:5.3.14]
	... 34 more
Caused by: java.sql.SQLIntegrityConstraintViolationException: Duplicate entry '1006' for key 'customer.PRIMARY'
	at com.mysql.cj.jdbc.exceptions.SQLError.createSQLException(SQLError.java:117) ~[mysql-connector-java-8.0.27.jar:8.0.27]
	at com.mysql.cj.jdbc.exceptions.SQLExceptionsMapping.translateException(SQLExceptionsMapping.java:122) ~[mysql-connector-java-8.0.27.jar:8.0.27]
	at com.mysql.cj.jdbc.ClientPreparedStatement.executeInternal(ClientPreparedStatement.java:953) ~[mysql-connector-java-8.0.27.jar:8.0.27]
	at com.mysql.cj.jdbc.ClientPreparedStatement.executeUpdateInternal(ClientPreparedStatement.java:1098) ~[mysql-connector-java-8.0.27.jar:8.0.27]
	at com.mysql.cj.jdbc.ClientPreparedStatement.executeUpdateInternal(ClientPreparedStatement.java:1046) ~[mysql-connector-java-8.0.27.jar:8.0.27]
	at com.mysql.cj.jdbc.ClientPreparedStatement.executeLargeUpdate(ClientPreparedStatement.java:1371) ~[mysql-connector-java-8.0.27.jar:8.0.27]
	at com.mysql.cj.jdbc.ClientPreparedStatement.executeUpdate(ClientPreparedStatement.java:1031) ~[mysql-connector-java-8.0.27.jar:8.0.27]
	at com.zaxxer.hikari.pool.ProxyPreparedStatement.executeUpdate(ProxyPreparedStatement.java:61) ~[HikariCP-4.0.3.jar:?]
	at com.zaxxer.hikari.pool.HikariProxyPreparedStatement.executeUpdate(HikariProxyPreparedStatement.java) ~[HikariCP-4.0.3.jar:?]
	at org.hibernate.engine.jdbc.internal.ResultSetReturnImpl.executeUpdate(ResultSetReturnImpl.java:197) ~[hibernate-core-5.6.3.Final.jar:5.6.3.Final]
	at org.hibernate.engine.jdbc.batch.internal.NonBatchingBatch.addToBatch(NonBatchingBatch.java:46) ~[hibernate-core-5.6.3.Final.jar:5.6.3.Final]
	at org.hibernate.persister.entity.AbstractEntityPersister.insert(AbstractEntityPersister.java:3375) ~[hibernate-core-5.6.3.Final.jar:5.6.3.Final]
	at org.hibernate.persister.entity.AbstractEntityPersister.insert(AbstractEntityPersister.java:3908) ~[hibernate-core-5.6.3.Final.jar:5.6.3.Final]
	at org.hibernate.action.internal.EntityInsertAction.execute(EntityInsertAction.java:107) ~[hibernate-core-5.6.3.Final.jar:5.6.3.Final]
	at org.hibernate.engine.spi.ActionQueue.executeActions(ActionQueue.java:604) ~[hibernate-core-5.6.3.Final.jar:5.6.3.Final]
	at org.hibernate.engine.spi.ActionQueue.executeInserts(ActionQueue.java:461) ~[hibernate-core-5.6.3.Final.jar:5.6.3.Final]
	at org.hibernate.engine.spi.ActionQueue.addInsertAction(ActionQueue.java:258) ~[hibernate-core-5.6.3.Final.jar:5.6.3.Final]
	at org.hibernate.engine.spi.ActionQueue.addAction(ActionQueue.java:317) ~[hibernate-core-5.6.3.Final.jar:5.6.3.Final]
	at org.hibernate.event.internal.AbstractSaveEventListener.addInsertAction(AbstractSaveEventListener.java:330) ~[hibernate-core-5.6.3.Final.jar:5.6.3.Final]
	at org.hibernate.event.internal.AbstractSaveEventListener.performSaveOrReplicate(AbstractSaveEventListener.java:287) ~[hibernate-core-5.6.3.Final.jar:5.6.3.Final]
	at org.hibernate.event.internal.AbstractSaveEventListener.performSave(AbstractSaveEventListener.java:193) ~[hibernate-core-5.6.3.Final.jar:5.6.3.Final]
	at org.hibernate.event.internal.AbstractSaveEventListener.saveWithGeneratedId(AbstractSaveEventListener.java:123) ~[hibernate-core-5.6.3.Final.jar:5.6.3.Final]
	at org.hibernate.event.internal.DefaultPersistEventListener.entityIsTransient(DefaultPersistEventListener.java:185) ~[hibernate-core-5.6.3.Final.jar:5.6.3.Final]
	at org.hibernate.event.internal.DefaultPersistEventListener.onPersist(DefaultPersistEventListener.java:128) ~[hibernate-core-5.6.3.Final.jar:5.6.3.Final]
	at org.hibernate.event.internal.DefaultPersistEventListener.onPersist(DefaultPersistEventListener.java:55) ~[hibernate-core-5.6.3.Final.jar:5.6.3.Final]
	at org.hibernate.event.service.internal.EventListenerGroupImpl.fireEventOnEachListener(EventListenerGroupImpl.java:107) ~[hibernate-core-5.6.3.Final.jar:5.6.3.Final]
	at org.hibernate.internal.SessionImpl.firePersist(SessionImpl.java:760) ~[hibernate-core-5.6.3.Final.jar:5.6.3.Final]
	at org.hibernate.internal.SessionImpl.persist(SessionImpl.java:746) ~[hibernate-core-5.6.3.Final.jar:5.6.3.Final]
	at jdk.internal.reflect.NativeMethodAccessorImpl.invoke0(Native Method) ~[?:?]
	at jdk.internal.reflect.NativeMethodAccessorImpl.invoke(NativeMethodAccessorImpl.java:62) ~[?:?]
	at jdk.internal.reflect.DelegatingMethodAccessorImpl.invoke(DelegatingMethodAccessorImpl.java:43) ~[?:?]
	at java.lang.reflect.Method.invoke(Method.java:566) ~[?:?]
	at org.springframework.orm.jpa.SharedEntityManagerCreator$SharedEntityManagerInvocationHandler.invoke(SharedEntityManagerCreator.java:311) ~[spring-orm-5.3.14.jar:5.3.14]
	at com.sun.proxy.$Proxy103.persist(Unknown Source) ~[?:?]
	at org.springframework.data.jpa.repository.support.SimpleJpaRepository.save(SimpleJpaRepository.java:624) ~[spring-data-jpa-2.6.0.jar:2.6.0]
	at jdk.internal.reflect.NativeMethodAccessorImpl.invoke0(Native Method) ~[?:?]
	at jdk.internal.reflect.NativeMethodAccessorImpl.invoke(NativeMethodAccessorImpl.java:62) ~[?:?]
	at jdk.internal.reflect.DelegatingMethodAccessorImpl.invoke(DelegatingMethodAccessorImpl.java:43) ~[?:?]
	at java.lang.reflect.Method.invoke(Method.java:566) ~[?:?]
	at org.springframework.data.repository.core.support.RepositoryMethodInvoker$RepositoryFragmentMethodInvoker.lambda$new$0(RepositoryMethodInvoker.java:289) ~[spring-data-commons-2.6.0.jar:2.6.0]
	at org.springframework.data.repository.core.support.RepositoryMethodInvoker.doInvoke(RepositoryMethodInvoker.java:137) ~[spring-data-commons-2.6.0.jar:2.6.0]
	at org.springframework.data.repository.core.support.RepositoryMethodInvoker.invoke(RepositoryMethodInvoker.java:121) ~[spring-data-commons-2.6.0.jar:2.6.0]
	at org.springframework.data.repository.core.support.RepositoryComposition$RepositoryFragments.invoke(RepositoryComposition.java:529) ~[spring-data-commons-2.6.0.jar:2.6.0]
	at org.springframework.data.repository.core.support.RepositoryComposition.invoke(RepositoryComposition.java:285) ~[spring-data-commons-2.6.0.jar:2.6.0]
	at org.springframework.data.repository.core.support.RepositoryFactorySupport$ImplementationMethodExecutionInterceptor.invoke(RepositoryFactorySupport.java:638) ~[spring-data-commons-2.6.0.jar:2.6.0]
	at org.springframework.aop.framework.ReflectiveMethodInvocation.proceed(ReflectiveMethodInvocation.java:186) ~[spring-aop-5.3.14.jar:5.3.14]
	at org.springframework.data.repository.core.support.QueryExecutorMethodInterceptor.doInvoke(QueryExecutorMethodInterceptor.java:163) ~[spring-data-commons-2.6.0.jar:2.6.0]
	at org.springframework.data.repository.core.support.QueryExecutorMethodInterceptor.invoke(QueryExecutorMethodInterceptor.java:138) ~[spring-data-commons-2.6.0.jar:2.6.0]
	at org.springframework.aop.framework.ReflectiveMethodInvocation.proceed(ReflectiveMethodInvocation.java:186) ~[spring-aop-5.3.14.jar:5.3.14]
	at org.springframework.transaction.interceptor.TransactionInterceptor$1.proceedWithInvocation(TransactionInterceptor.java:123) ~[spring-tx-5.3.14.jar:5.3.14]
	at org.springframework.transaction.interceptor.TransactionAspectSupport.invokeWithinTransaction(TransactionAspectSupport.java:388) ~[spring-tx-5.3.14.jar:5.3.14]
	at org.springframework.transaction.interceptor.TransactionInterceptor.invoke(TransactionInterceptor.java:119) ~[spring-tx-5.3.14.jar:5.3.14]
	at org.springframework.aop.framework.ReflectiveMethodInvocation.proceed(ReflectiveMethodInvocation.java:186) ~[spring-aop-5.3.14.jar:5.3.14]
	at org.springframework.dao.support.PersistenceExceptionTranslationInterceptor.invoke(PersistenceExceptionTranslationInterceptor.java:137) ~[spring-tx-5.3.14.jar:5.3.14]
	... 34 more
29-Dec-2021 17:09:45 INFO - Closing JPA EntityManagerFactory for persistence unit 'default'
29-Dec-2021 17:09:45 INFO - HikariPool-1 - Shutdown initiated...
29-Dec-2021 17:09:45 INFO - HikariPool-1 - Shutdown completed.
29-Dec-2021 17:10:03 INFO - Bootstrapping Spring Data JPA repositories in DEFAULT mode.
29-Dec-2021 17:10:03 INFO - Finished Spring Data repository scanning in 72 ms. Found 2 JPA repository interfaces.
29-Dec-2021 17:10:04 INFO - HikariPool-1 - Starting...
29-Dec-2021 17:10:04 INFO - HikariPool-1 - Start completed.
29-Dec-2021 17:10:05 INFO - HHH000204: Processing PersistenceUnitInfo [name: default]
29-Dec-2021 17:10:05 INFO - HHH000412: Hibernate ORM core version 5.6.3.Final
29-Dec-2021 17:10:05 INFO - HCANN000001: Hibernate Commons Annotations {5.1.2.Final}
29-Dec-2021 17:10:05 INFO - HHH000400: Using dialect: org.hibernate.dialect.MySQL8Dialect
29-Dec-2021 17:10:06 INFO - HHH000490: Using JtaPlatform implementation: [org.hibernate.engine.transaction.jta.platform.internal.NoJtaPlatform]
29-Dec-2021 17:10:06 INFO - Initialized JPA EntityManagerFactory for persistence unit 'default'
29-Dec-2021 17:10:07 INFO - Closing JPA EntityManagerFactory for persistence unit 'default'
29-Dec-2021 17:10:07 INFO - HikariPool-1 - Shutdown initiated...
29-Dec-2021 17:10:08 INFO - HikariPool-1 - Shutdown completed.
29-Dec-2021 17:15:55 INFO - Bootstrapping Spring Data JPA repositories in DEFAULT mode.
29-Dec-2021 17:15:55 INFO - Finished Spring Data repository scanning in 47 ms. Found 2 JPA repository interfaces.
29-Dec-2021 17:15:56 INFO - HikariPool-1 - Starting...
29-Dec-2021 17:15:57 INFO - HikariPool-1 - Start completed.
29-Dec-2021 17:15:57 INFO - HHH000204: Processing PersistenceUnitInfo [name: default]
29-Dec-2021 17:15:57 INFO - HHH000412: Hibernate ORM core version 5.6.3.Final
29-Dec-2021 17:15:57 INFO - HCANN000001: Hibernate Commons Annotations {5.1.2.Final}
29-Dec-2021 17:15:57 INFO - HHH000400: Using dialect: org.hibernate.dialect.MySQL8Dialect
29-Dec-2021 17:15:58 INFO - HHH000490: Using JtaPlatform implementation: [org.hibernate.engine.transaction.jta.platform.internal.NoJtaPlatform]
29-Dec-2021 17:15:58 INFO - Initialized JPA EntityManagerFactory for persistence unit 'default'
29-Dec-2021 17:15:59 INFO - Closing JPA EntityManagerFactory for persistence unit 'default'
29-Dec-2021 17:15:59 INFO - HikariPool-1 - Shutdown initiated...
29-Dec-2021 17:15:59 INFO - HikariPool-1 - Shutdown completed.
04-Jul-2023 17:26:27 INFO - Bootstrapping Spring Data JPA repositories in DEFAULT mode.
04-Jul-2023 17:26:27 INFO - Finished Spring Data repository scanning in 123 ms. Found 2 JPA repository interfaces.
04-Jul-2023 17:26:28 INFO - HikariPool-1 - Starting...
04-Jul-2023 17:26:28 INFO - HikariPool-1 - Added connection com.mysql.cj.jdbc.ConnectionImpl@bb25753
04-Jul-2023 17:26:28 INFO - HikariPool-1 - Start completed.
04-Jul-2023 17:26:28 INFO - HHH000204: Processing PersistenceUnitInfo [name: default]
04-Jul-2023 17:26:28 INFO - HHH000412: Hibernate ORM core version 6.2.5.Final
04-Jul-2023 17:26:28 INFO - HHH000406: Using bytecode reflection optimizer
04-Jul-2023 17:26:29 INFO - HHH000021: Bytecode provider name : bytebuddy
04-Jul-2023 17:26:29 INFO - No LoadTimeWeaver setup: ignoring JPA class transformer
04-Jul-2023 17:26:29 INFO - HHH000021: Bytecode provider name : bytebuddy
04-Jul-2023 17:26:30 INFO - HHH000490: Using JtaPlatform implementation: [org.hibernate.engine.transaction.jta.platform.internal.NoJtaPlatform]
04-Jul-2023 17:26:30 INFO - Initialized JPA EntityManagerFactory for persistence unit 'default'
04-Jul-2023 17:26:31 INFO - Closing JPA EntityManagerFactory for persistence unit 'default'
04-Jul-2023 17:26:31 INFO - HikariPool-1 - Shutdown initiated...
04-Jul-2023 17:26:32 INFO - HikariPool-1 - Shutdown completed.
05-Jul-2023 09:45:05 INFO - Bootstrapping Spring Data JPA repositories in DEFAULT mode.
05-Jul-2023 09:45:05 INFO - Finished Spring Data repository scanning in 153 ms. Found 2 JPA repository interfaces.
05-Jul-2023 09:45:07 INFO - HikariPool-1 - Starting...
05-Jul-2023 09:45:08 INFO - HikariPool-1 - Added connection com.mysql.cj.jdbc.ConnectionImpl@2c0c4c0a
05-Jul-2023 09:45:08 INFO - HikariPool-1 - Start completed.
05-Jul-2023 09:45:08 INFO - HHH000204: Processing PersistenceUnitInfo [name: default]
05-Jul-2023 09:45:08 INFO - HHH000412: Hibernate ORM core version 6.2.5.Final
05-Jul-2023 09:45:08 INFO - HHH000406: Using bytecode reflection optimizer
05-Jul-2023 09:45:09 INFO - HHH000021: Bytecode provider name : bytebuddy
05-Jul-2023 09:45:09 INFO - No LoadTimeWeaver setup: ignoring JPA class transformer
05-Jul-2023 09:45:10 INFO - HHH000021: Bytecode provider name : bytebuddy
05-Jul-2023 09:45:12 INFO - HHH000490: Using JtaPlatform implementation: [org.hibernate.engine.transaction.jta.platform.internal.NoJtaPlatform]
05-Jul-2023 09:45:12 INFO - Initialized JPA EntityManagerFactory for persistence unit 'default'
05-Jul-2023 09:45:14 INFO - Closing JPA EntityManagerFactory for persistence unit 'default'
05-Jul-2023 09:45:14 INFO - HikariPool-1 - Shutdown initiated...
05-Jul-2023 09:45:14 INFO - HikariPool-1 - Shutdown completed.
08-Apr-2024 13:02:50 INFO - Bootstrapping Spring Data JPA repositories in DEFAULT mode.
08-Apr-2024 13:02:50 INFO - Finished Spring Data repository scanning in 192 ms. Found 2 JPA repository interfaces.
08-Apr-2024 13:02:51 INFO - HikariPool-1 - Starting...
08-Apr-2024 13:02:53 ERROR - HikariPool-1 - Exception during pool initialization.
com.mysql.cj.jdbc.exceptions.CommunicationsException: Communications link failure

The last packet sent successfully to the server was 0 milliseconds ago. The driver has not received any packets from the server.
	at com.mysql.cj.jdbc.exceptions.SQLError.createCommunicationsException(SQLError.java:175) ~[mysql-connector-j-8.0.33.jar:8.0.33]
	at com.mysql.cj.jdbc.exceptions.SQLExceptionsMapping.translateException(SQLExceptionsMapping.java:64) ~[mysql-connector-j-8.0.33.jar:8.0.33]
	at com.mysql.cj.jdbc.ConnectionImpl.createNewIO(ConnectionImpl.java:825) ~[mysql-connector-j-8.0.33.jar:8.0.33]
	at com.mysql.cj.jdbc.ConnectionImpl.<init>(ConnectionImpl.java:446) ~[mysql-connector-j-8.0.33.jar:8.0.33]
	at com.mysql.cj.jdbc.ConnectionImpl.getInstance(ConnectionImpl.java:239) ~[mysql-connector-j-8.0.33.jar:8.0.33]
	at com.mysql.cj.jdbc.NonRegisteringDriver.connect(NonRegisteringDriver.java:188) ~[mysql-connector-j-8.0.33.jar:8.0.33]
	at com.zaxxer.hikari.util.DriverDataSource.getConnection(DriverDataSource.java:138) ~[HikariCP-5.0.1.jar:?]
	at com.zaxxer.hikari.pool.PoolBase.newConnection(PoolBase.java:359) ~[HikariCP-5.0.1.jar:?]
	at com.zaxxer.hikari.pool.PoolBase.newPoolEntry(PoolBase.java:201) ~[HikariCP-5.0.1.jar:?]
	at com.zaxxer.hikari.pool.HikariPool.createPoolEntry(HikariPool.java:470) ~[HikariCP-5.0.1.jar:?]
	at com.zaxxer.hikari.pool.HikariPool.checkFailFast(HikariPool.java:561) ~[HikariCP-5.0.1.jar:?]
	at com.zaxxer.hikari.pool.HikariPool.<init>(HikariPool.java:100) ~[HikariCP-5.0.1.jar:?]
	at com.zaxxer.hikari.HikariDataSource.getConnection(HikariDataSource.java:112) ~[HikariCP-5.0.1.jar:?]
	at org.springframework.jdbc.datasource.DataSourceUtils.fetchConnection(DataSourceUtils.java:160) ~[spring-jdbc-6.0.10.jar:6.0.10]
	at org.springframework.jdbc.datasource.DataSourceUtils.doGetConnection(DataSourceUtils.java:118) ~[spring-jdbc-6.0.10.jar:6.0.10]
	at org.springframework.jdbc.datasource.DataSourceUtils.getConnection(DataSourceUtils.java:81) ~[spring-jdbc-6.0.10.jar:6.0.10]
	at org.springframework.jdbc.core.JdbcTemplate.execute(JdbcTemplate.java:330) ~[spring-jdbc-6.0.10.jar:6.0.10]
	at org.springframework.boot.jdbc.EmbeddedDatabaseConnection.isEmbedded(EmbeddedDatabaseConnection.java:168) ~[spring-boot-3.1.1.jar:3.1.1]
	at org.springframework.boot.autoconfigure.orm.jpa.HibernateDefaultDdlAutoProvider.getDefaultDdlAuto(HibernateDefaultDdlAutoProvider.java:42) ~[spring-boot-autoconfigure-3.1.1.jar:3.1.1]
	at org.springframework.boot.autoconfigure.orm.jpa.HibernateJpaConfiguration.lambda$getVendorProperties$1(HibernateJpaConfiguration.java:142) ~[spring-boot-autoconfigure-3.1.1.jar:3.1.1]
	at org.springframework.boot.autoconfigure.orm.jpa.HibernateSettings.getDdlAuto(HibernateSettings.java:41) ~[spring-boot-autoconfigure-3.1.1.jar:3.1.1]
	at org.springframework.boot.autoconfigure.orm.jpa.HibernateProperties.determineDdlAuto(HibernateProperties.java:118) ~[spring-boot-autoconfigure-3.1.1.jar:3.1.1]
	at org.springframework.boot.autoconfigure.orm.jpa.HibernateProperties.getAdditionalProperties(HibernateProperties.java:87) ~[spring-boot-autoconfigure-3.1.1.jar:3.1.1]
	at org.springframework.boot.autoconfigure.orm.jpa.HibernateProperties.determineHibernateProperties(HibernateProperties.java:80) ~[spring-boot-autoconfigure-3.1.1.jar:3.1.1]
	at org.springframework.boot.autoconfigure.orm.jpa.HibernateJpaConfiguration.getVendorProperties(HibernateJpaConfiguration.java:143) ~[spring-boot-autoconfigure-3.1.1.jar:3.1.1]
	at org.springframework.boot.autoconfigure.orm.jpa.JpaBaseConfiguration.entityManagerFactory(JpaBaseConfiguration.java:131) ~[spring-boot-autoconfigure-3.1.1.jar:3.1.1]
	at jdk.internal.reflect.NativeMethodAccessorImpl.invoke0(Native Method) ~[?:?]
	at jdk.internal.reflect.NativeMethodAccessorImpl.invoke(NativeMethodAccessorImpl.java:77) ~[?:?]
	at jdk.internal.reflect.DelegatingMethodAccessorImpl.invoke(DelegatingMethodAccessorImpl.java:43) ~[?:?]
	at java.lang.reflect.Method.invoke(Method.java:568) ~[?:?]
	at org.springframework.beans.factory.support.SimpleInstantiationStrategy.instantiate(SimpleInstantiationStrategy.java:139) ~[spring-beans-6.0.10.jar:6.0.10]
	at org.springframework.beans.factory.support.ConstructorResolver.instantiate(ConstructorResolver.java:655) ~[spring-beans-6.0.10.jar:6.0.10]
	at org.springframework.beans.factory.support.ConstructorResolver.instantiateUsingFactoryMethod(ConstructorResolver.java:647) ~[spring-beans-6.0.10.jar:6.0.10]
	at org.springframework.beans.factory.support.AbstractAutowireCapableBeanFactory.instantiateUsingFactoryMethod(AbstractAutowireCapableBeanFactory.java:1332) ~[spring-beans-6.0.10.jar:6.0.10]
	at org.springframework.beans.factory.support.AbstractAutowireCapableBeanFactory.createBeanInstance(AbstractAutowireCapableBeanFactory.java:1162) ~[spring-beans-6.0.10.jar:6.0.10]
	at org.springframework.beans.factory.support.AbstractAutowireCapableBeanFactory.doCreateBean(AbstractAutowireCapableBeanFactory.java:560) ~[spring-beans-6.0.10.jar:6.0.10]
	at org.springframework.beans.factory.support.AbstractAutowireCapableBeanFactory.createBean(AbstractAutowireCapableBeanFactory.java:520) ~[spring-beans-6.0.10.jar:6.0.10]
	at org.springframework.beans.factory.support.AbstractBeanFactory.lambda$doGetBean$0(AbstractBeanFactory.java:326) ~[spring-beans-6.0.10.jar:6.0.10]
	at org.springframework.beans.factory.support.DefaultSingletonBeanRegistry.getSingleton(DefaultSingletonBeanRegistry.java:234) [spring-beans-6.0.10.jar:6.0.10]
	at org.springframework.beans.factory.support.AbstractBeanFactory.doGetBean(AbstractBeanFactory.java:324) [spring-beans-6.0.10.jar:6.0.10]
	at org.springframework.beans.factory.support.AbstractBeanFactory.getBean(AbstractBeanFactory.java:200) [spring-beans-6.0.10.jar:6.0.10]
	at org.springframework.context.support.AbstractApplicationContext.getBean(AbstractApplicationContext.java:1154) [spring-context-6.0.10.jar:6.0.10]
	at org.springframework.context.support.AbstractApplicationContext.finishBeanFactoryInitialization(AbstractApplicationContext.java:931) [spring-context-6.0.10.jar:6.0.10]
	at org.springframework.context.support.AbstractApplicationContext.refresh(AbstractApplicationContext.java:608) [spring-context-6.0.10.jar:6.0.10]
	at org.springframework.boot.SpringApplication.refresh(SpringApplication.java:734) [spring-boot-3.1.1.jar:3.1.1]
	at org.springframework.boot.SpringApplication.refreshContext(SpringApplication.java:436) [spring-boot-3.1.1.jar:3.1.1]
	at org.springframework.boot.SpringApplication.run(SpringApplication.java:312) [spring-boot-3.1.1.jar:3.1.1]
	at org.springframework.boot.SpringApplication.run(SpringApplication.java:1306) [spring-boot-3.1.1.jar:3.1.1]
	at org.springframework.boot.SpringApplication.run(SpringApplication.java:1295) [spring-boot-3.1.1.jar:3.1.1]
	at com.infy.DemoManyToOneApplication.main(DemoManyToOneApplication.java:29) [classes/:?]
Caused by: com.mysql.cj.exceptions.CJCommunicationsException: Communications link failure

The last packet sent successfully to the server was 0 milliseconds ago. The driver has not received any packets from the server.
	at jdk.internal.reflect.NativeConstructorAccessorImpl.newInstance0(Native Method) ~[?:?]
	at jdk.internal.reflect.NativeConstructorAccessorImpl.newInstance(NativeConstructorAccessorImpl.java:77) ~[?:?]
	at jdk.internal.reflect.DelegatingConstructorAccessorImpl.newInstance(DelegatingConstructorAccessorImpl.java:45) ~[?:?]
	at java.lang.reflect.Constructor.newInstanceWithCaller(Constructor.java:499) ~[?:?]
	at java.lang.reflect.Constructor.newInstance(Constructor.java:480) ~[?:?]
	at com.mysql.cj.exceptions.ExceptionFactory.createException(ExceptionFactory.java:62) ~[mysql-connector-j-8.0.33.jar:8.0.33]
	at com.mysql.cj.exceptions.ExceptionFactory.createException(ExceptionFactory.java:105) ~[mysql-connector-j-8.0.33.jar:8.0.33]
	at com.mysql.cj.exceptions.ExceptionFactory.createException(ExceptionFactory.java:150) ~[mysql-connector-j-8.0.33.jar:8.0.33]
	at com.mysql.cj.exceptions.ExceptionFactory.createCommunicationsException(ExceptionFactory.java:166) ~[mysql-connector-j-8.0.33.jar:8.0.33]
	at com.mysql.cj.protocol.a.NativeSocketConnection.connect(NativeSocketConnection.java:89) ~[mysql-connector-j-8.0.33.jar:8.0.33]
	at com.mysql.cj.NativeSession.connect(NativeSession.java:121) ~[mysql-connector-j-8.0.33.jar:8.0.33]
	at com.mysql.cj.jdbc.ConnectionImpl.connectOneTryOnly(ConnectionImpl.java:945) ~[mysql-connector-j-8.0.33.jar:8.0.33]
	at com.mysql.cj.jdbc.ConnectionImpl.createNewIO(ConnectionImpl.java:815) ~[mysql-connector-j-8.0.33.jar:8.0.33]
	... 47 more
Caused by: java.net.ConnectException: Connection refused: no further information
	at sun.nio.ch.Net.pollConnect(Native Method) ~[?:?]
	at sun.nio.ch.Net.pollConnectNow(Net.java:672) ~[?:?]
	at sun.nio.ch.NioSocketImpl.timedFinishConnect(NioSocketImpl.java:542) ~[?:?]
	at sun.nio.ch.NioSocketImpl.connect(NioSocketImpl.java:597) ~[?:?]
	at java.net.SocksSocketImpl.connect(SocksSocketImpl.java:327) ~[?:?]
	at java.net.Socket.connect(Socket.java:633) ~[?:?]
	at com.mysql.cj.protocol.StandardSocketFactory.connect(StandardSocketFactory.java:153) ~[mysql-connector-j-8.0.33.jar:8.0.33]
	at com.mysql.cj.protocol.a.NativeSocketConnection.connect(NativeSocketConnection.java:63) ~[mysql-connector-j-8.0.33.jar:8.0.33]
	at com.mysql.cj.NativeSession.connect(NativeSession.java:121) ~[mysql-connector-j-8.0.33.jar:8.0.33]
	at com.mysql.cj.jdbc.ConnectionImpl.connectOneTryOnly(ConnectionImpl.java:945) ~[mysql-connector-j-8.0.33.jar:8.0.33]
	at com.mysql.cj.jdbc.ConnectionImpl.createNewIO(ConnectionImpl.java:815) ~[mysql-connector-j-8.0.33.jar:8.0.33]
	... 47 more
08-Apr-2024 13:02:53 INFO - HHH000204: Processing PersistenceUnitInfo [name: default]
08-Apr-2024 13:02:53 INFO - HHH000412: Hibernate ORM core version 6.2.5.Final
08-Apr-2024 13:02:53 INFO - HHH000406: Using bytecode reflection optimizer
08-Apr-2024 13:02:53 INFO - HHH000021: Bytecode provider name : bytebuddy
08-Apr-2024 13:02:54 INFO - No LoadTimeWeaver setup: ignoring JPA class transformer
08-Apr-2024 13:02:54 INFO - HikariPool-1 - Starting...
08-Apr-2024 13:02:55 ERROR - HikariPool-1 - Exception during pool initialization.
com.mysql.cj.jdbc.exceptions.CommunicationsException: Communications link failure

The last packet sent successfully to the server was 0 milliseconds ago. The driver has not received any packets from the server.
	at com.mysql.cj.jdbc.exceptions.SQLError.createCommunicationsException(SQLError.java:175) ~[mysql-connector-j-8.0.33.jar:8.0.33]
	at com.mysql.cj.jdbc.exceptions.SQLExceptionsMapping.translateException(SQLExceptionsMapping.java:64) ~[mysql-connector-j-8.0.33.jar:8.0.33]
	at com.mysql.cj.jdbc.ConnectionImpl.createNewIO(ConnectionImpl.java:825) ~[mysql-connector-j-8.0.33.jar:8.0.33]
	at com.mysql.cj.jdbc.ConnectionImpl.<init>(ConnectionImpl.java:446) ~[mysql-connector-j-8.0.33.jar:8.0.33]
	at com.mysql.cj.jdbc.ConnectionImpl.getInstance(ConnectionImpl.java:239) ~[mysql-connector-j-8.0.33.jar:8.0.33]
	at com.mysql.cj.jdbc.NonRegisteringDriver.connect(NonRegisteringDriver.java:188) ~[mysql-connector-j-8.0.33.jar:8.0.33]
	at com.zaxxer.hikari.util.DriverDataSource.getConnection(DriverDataSource.java:138) ~[HikariCP-5.0.1.jar:?]
	at com.zaxxer.hikari.pool.PoolBase.newConnection(PoolBase.java:359) ~[HikariCP-5.0.1.jar:?]
	at com.zaxxer.hikari.pool.PoolBase.newPoolEntry(PoolBase.java:201) ~[HikariCP-5.0.1.jar:?]
	at com.zaxxer.hikari.pool.HikariPool.createPoolEntry(HikariPool.java:470) ~[HikariCP-5.0.1.jar:?]
	at com.zaxxer.hikari.pool.HikariPool.checkFailFast(HikariPool.java:561) ~[HikariCP-5.0.1.jar:?]
	at com.zaxxer.hikari.pool.HikariPool.<init>(HikariPool.java:100) ~[HikariCP-5.0.1.jar:?]
	at com.zaxxer.hikari.HikariDataSource.getConnection(HikariDataSource.java:112) ~[HikariCP-5.0.1.jar:?]
	at org.hibernate.engine.jdbc.connections.internal.DatasourceConnectionProviderImpl.getConnection(DatasourceConnectionProviderImpl.java:122) ~[hibernate-core-6.2.5.Final.jar:6.2.5.Final]
	at org.hibernate.engine.jdbc.env.internal.JdbcEnvironmentInitiator$ConnectionProviderJdbcConnectionAccess.obtainConnection(JdbcEnvironmentInitiator.java:316) ~[hibernate-core-6.2.5.Final.jar:6.2.5.Final]
	at org.hibernate.engine.jdbc.env.internal.JdbcEnvironmentInitiator.initiateService(JdbcEnvironmentInitiator.java:152) ~[hibernate-core-6.2.5.Final.jar:6.2.5.Final]
	at org.hibernate.engine.jdbc.env.internal.JdbcEnvironmentInitiator.initiateService(JdbcEnvironmentInitiator.java:34) ~[hibernate-core-6.2.5.Final.jar:6.2.5.Final]
	at org.hibernate.boot.registry.internal.StandardServiceRegistryImpl.initiateService(StandardServiceRegistryImpl.java:119) ~[hibernate-core-6.2.5.Final.jar:6.2.5.Final]
	at org.hibernate.service.internal.AbstractServiceRegistryImpl.createService(AbstractServiceRegistryImpl.java:264) ~[hibernate-core-6.2.5.Final.jar:6.2.5.Final]
	at org.hibernate.service.internal.AbstractServiceRegistryImpl.initializeService(AbstractServiceRegistryImpl.java:239) ~[hibernate-core-6.2.5.Final.jar:6.2.5.Final]
	at org.hibernate.service.internal.AbstractServiceRegistryImpl.getService(AbstractServiceRegistryImpl.java:216) ~[hibernate-core-6.2.5.Final.jar:6.2.5.Final]
	at org.hibernate.boot.model.relational.Database.<init>(Database.java:45) ~[hibernate-core-6.2.5.Final.jar:6.2.5.Final]
	at org.hibernate.boot.internal.InFlightMetadataCollectorImpl.getDatabase(InFlightMetadataCollectorImpl.java:230) ~[hibernate-core-6.2.5.Final.jar:6.2.5.Final]
	at org.hibernate.boot.internal.InFlightMetadataCollectorImpl.<init>(InFlightMetadataCollectorImpl.java:198) ~[hibernate-core-6.2.5.Final.jar:6.2.5.Final]
	at org.hibernate.boot.model.process.spi.MetadataBuildingProcess.complete(MetadataBuildingProcess.java:166) ~[hibernate-core-6.2.5.Final.jar:6.2.5.Final]
	at org.hibernate.jpa.boot.internal.EntityManagerFactoryBuilderImpl.metadata(EntityManagerFactoryBuilderImpl.java:1380) ~[hibernate-core-6.2.5.Final.jar:6.2.5.Final]
	at org.hibernate.jpa.boot.internal.EntityManagerFactoryBuilderImpl.build(EntityManagerFactoryBuilderImpl.java:1451) ~[hibernate-core-6.2.5.Final.jar:6.2.5.Final]
	at org.springframework.orm.jpa.vendor.SpringHibernateJpaPersistenceProvider.createContainerEntityManagerFactory(SpringHibernateJpaPersistenceProvider.java:75) ~[spring-orm-6.0.10.jar:6.0.10]
	at org.springframework.orm.jpa.LocalContainerEntityManagerFactoryBean.createNativeEntityManagerFactory(LocalContainerEntityManagerFactoryBean.java:376) ~[spring-orm-6.0.10.jar:6.0.10]
	at org.springframework.orm.jpa.AbstractEntityManagerFactoryBean.buildNativeEntityManagerFactory(AbstractEntityManagerFactoryBean.java:409) ~[spring-orm-6.0.10.jar:6.0.10]
	at org.springframework.orm.jpa.AbstractEntityManagerFactoryBean.afterPropertiesSet(AbstractEntityManagerFactoryBean.java:396) ~[spring-orm-6.0.10.jar:6.0.10]
	at org.springframework.orm.jpa.LocalContainerEntityManagerFactoryBean.afterPropertiesSet(LocalContainerEntityManagerFactoryBean.java:352) ~[spring-orm-6.0.10.jar:6.0.10]
	at org.springframework.beans.factory.support.AbstractAutowireCapableBeanFactory.invokeInitMethods(AbstractAutowireCapableBeanFactory.java:1816) ~[spring-beans-6.0.10.jar:6.0.10]
	at org.springframework.beans.factory.support.AbstractAutowireCapableBeanFactory.initializeBean(AbstractAutowireCapableBeanFactory.java:1766) ~[spring-beans-6.0.10.jar:6.0.10]
	at org.springframework.beans.factory.support.AbstractAutowireCapableBeanFactory.doCreateBean(AbstractAutowireCapableBeanFactory.java:598) ~[spring-beans-6.0.10.jar:6.0.10]
	at org.springframework.beans.factory.support.AbstractAutowireCapableBeanFactory.createBean(AbstractAutowireCapableBeanFactory.java:520) ~[spring-beans-6.0.10.jar:6.0.10]
	at org.springframework.beans.factory.support.AbstractBeanFactory.lambda$doGetBean$0(AbstractBeanFactory.java:326) ~[spring-beans-6.0.10.jar:6.0.10]
	at org.springframework.beans.factory.support.DefaultSingletonBeanRegistry.getSingleton(DefaultSingletonBeanRegistry.java:234) [spring-beans-6.0.10.jar:6.0.10]
	at org.springframework.beans.factory.support.AbstractBeanFactory.doGetBean(AbstractBeanFactory.java:324) [spring-beans-6.0.10.jar:6.0.10]
	at org.springframework.beans.factory.support.AbstractBeanFactory.getBean(AbstractBeanFactory.java:200) [spring-beans-6.0.10.jar:6.0.10]
	at org.springframework.context.support.AbstractApplicationContext.getBean(AbstractApplicationContext.java:1154) [spring-context-6.0.10.jar:6.0.10]
	at org.springframework.context.support.AbstractApplicationContext.finishBeanFactoryInitialization(AbstractApplicationContext.java:931) [spring-context-6.0.10.jar:6.0.10]
	at org.springframework.context.support.AbstractApplicationContext.refresh(AbstractApplicationContext.java:608) [spring-context-6.0.10.jar:6.0.10]
	at org.springframework.boot.SpringApplication.refresh(SpringApplication.java:734) [spring-boot-3.1.1.jar:3.1.1]
	at org.springframework.boot.SpringApplication.refreshContext(SpringApplication.java:436) [spring-boot-3.1.1.jar:3.1.1]
	at org.springframework.boot.SpringApplication.run(SpringApplication.java:312) [spring-boot-3.1.1.jar:3.1.1]
	at org.springframework.boot.SpringApplication.run(SpringApplication.java:1306) [spring-boot-3.1.1.jar:3.1.1]
	at org.springframework.boot.SpringApplication.run(SpringApplication.java:1295) [spring-boot-3.1.1.jar:3.1.1]
	at com.infy.DemoManyToOneApplication.main(DemoManyToOneApplication.java:29) [classes/:?]
Caused by: com.mysql.cj.exceptions.CJCommunicationsException: Communications link failure

The last packet sent successfully to the server was 0 milliseconds ago. The driver has not received any packets from the server.
	at jdk.internal.reflect.NativeConstructorAccessorImpl.newInstance0(Native Method) ~[?:?]
	at jdk.internal.reflect.NativeConstructorAccessorImpl.newInstance(NativeConstructorAccessorImpl.java:77) ~[?:?]
	at jdk.internal.reflect.DelegatingConstructorAccessorImpl.newInstance(DelegatingConstructorAccessorImpl.java:45) ~[?:?]
	at java.lang.reflect.Constructor.newInstanceWithCaller(Constructor.java:499) ~[?:?]
	at java.lang.reflect.Constructor.newInstance(Constructor.java:480) ~[?:?]
	at com.mysql.cj.exceptions.ExceptionFactory.createException(ExceptionFactory.java:62) ~[mysql-connector-j-8.0.33.jar:8.0.33]
	at com.mysql.cj.exceptions.ExceptionFactory.createException(ExceptionFactory.java:105) ~[mysql-connector-j-8.0.33.jar:8.0.33]
	at com.mysql.cj.exceptions.ExceptionFactory.createException(ExceptionFactory.java:150) ~[mysql-connector-j-8.0.33.jar:8.0.33]
	at com.mysql.cj.exceptions.ExceptionFactory.createCommunicationsException(ExceptionFactory.java:166) ~[mysql-connector-j-8.0.33.jar:8.0.33]
	at com.mysql.cj.protocol.a.NativeSocketConnection.connect(NativeSocketConnection.java:89) ~[mysql-connector-j-8.0.33.jar:8.0.33]
	at com.mysql.cj.NativeSession.connect(NativeSession.java:121) ~[mysql-connector-j-8.0.33.jar:8.0.33]
	at com.mysql.cj.jdbc.ConnectionImpl.connectOneTryOnly(ConnectionImpl.java:945) ~[mysql-connector-j-8.0.33.jar:8.0.33]
	at com.mysql.cj.jdbc.ConnectionImpl.createNewIO(ConnectionImpl.java:815) ~[mysql-connector-j-8.0.33.jar:8.0.33]
	... 46 more
Caused by: java.net.ConnectException: Connection refused: no further information
	at sun.nio.ch.Net.pollConnect(Native Method) ~[?:?]
	at sun.nio.ch.Net.pollConnectNow(Net.java:672) ~[?:?]
	at sun.nio.ch.NioSocketImpl.timedFinishConnect(NioSocketImpl.java:542) ~[?:?]
	at sun.nio.ch.NioSocketImpl.connect(NioSocketImpl.java:597) ~[?:?]
	at java.net.SocksSocketImpl.connect(SocksSocketImpl.java:327) ~[?:?]
	at java.net.Socket.connect(Socket.java:633) ~[?:?]
	at com.mysql.cj.protocol.StandardSocketFactory.connect(StandardSocketFactory.java:153) ~[mysql-connector-j-8.0.33.jar:8.0.33]
	at com.mysql.cj.protocol.a.NativeSocketConnection.connect(NativeSocketConnection.java:63) ~[mysql-connector-j-8.0.33.jar:8.0.33]
	at com.mysql.cj.NativeSession.connect(NativeSession.java:121) ~[mysql-connector-j-8.0.33.jar:8.0.33]
	at com.mysql.cj.jdbc.ConnectionImpl.connectOneTryOnly(ConnectionImpl.java:945) ~[mysql-connector-j-8.0.33.jar:8.0.33]
	at com.mysql.cj.jdbc.ConnectionImpl.createNewIO(ConnectionImpl.java:815) ~[mysql-connector-j-8.0.33.jar:8.0.33]
	... 46 more
08-Apr-2024 13:02:55 WARN - HHH000342: Could not obtain connection to query metadata
com.mysql.cj.jdbc.exceptions.CommunicationsException: Communications link failure

The last packet sent successfully to the server was 0 milliseconds ago. The driver has not received any packets from the server.
	at com.mysql.cj.jdbc.exceptions.SQLError.createCommunicationsException(SQLError.java:175) ~[mysql-connector-j-8.0.33.jar:8.0.33]
	at com.mysql.cj.jdbc.exceptions.SQLExceptionsMapping.translateException(SQLExceptionsMapping.java:64) ~[mysql-connector-j-8.0.33.jar:8.0.33]
	at com.mysql.cj.jdbc.ConnectionImpl.createNewIO(ConnectionImpl.java:825) ~[mysql-connector-j-8.0.33.jar:8.0.33]
	at com.mysql.cj.jdbc.ConnectionImpl.<init>(ConnectionImpl.java:446) ~[mysql-connector-j-8.0.33.jar:8.0.33]
	at com.mysql.cj.jdbc.ConnectionImpl.getInstance(ConnectionImpl.java:239) ~[mysql-connector-j-8.0.33.jar:8.0.33]
	at com.mysql.cj.jdbc.NonRegisteringDriver.connect(NonRegisteringDriver.java:188) ~[mysql-connector-j-8.0.33.jar:8.0.33]
	at com.zaxxer.hikari.util.DriverDataSource.getConnection(DriverDataSource.java:138) ~[HikariCP-5.0.1.jar:?]
	at com.zaxxer.hikari.pool.PoolBase.newConnection(PoolBase.java:359) ~[HikariCP-5.0.1.jar:?]
	at com.zaxxer.hikari.pool.PoolBase.newPoolEntry(PoolBase.java:201) ~[HikariCP-5.0.1.jar:?]
	at com.zaxxer.hikari.pool.HikariPool.createPoolEntry(HikariPool.java:470) ~[HikariCP-5.0.1.jar:?]
	at com.zaxxer.hikari.pool.HikariPool.checkFailFast(HikariPool.java:561) ~[HikariCP-5.0.1.jar:?]
	at com.zaxxer.hikari.pool.HikariPool.<init>(HikariPool.java:100) ~[HikariCP-5.0.1.jar:?]
	at com.zaxxer.hikari.HikariDataSource.getConnection(HikariDataSource.java:112) ~[HikariCP-5.0.1.jar:?]
	at org.hibernate.engine.jdbc.connections.internal.DatasourceConnectionProviderImpl.getConnection(DatasourceConnectionProviderImpl.java:122) ~[hibernate-core-6.2.5.Final.jar:6.2.5.Final]
	at org.hibernate.engine.jdbc.env.internal.JdbcEnvironmentInitiator$ConnectionProviderJdbcConnectionAccess.obtainConnection(JdbcEnvironmentInitiator.java:316) ~[hibernate-core-6.2.5.Final.jar:6.2.5.Final]
	at org.hibernate.engine.jdbc.env.internal.JdbcEnvironmentInitiator.initiateService(JdbcEnvironmentInitiator.java:152) ~[hibernate-core-6.2.5.Final.jar:6.2.5.Final]
	at org.hibernate.engine.jdbc.env.internal.JdbcEnvironmentInitiator.initiateService(JdbcEnvironmentInitiator.java:34) ~[hibernate-core-6.2.5.Final.jar:6.2.5.Final]
	at org.hibernate.boot.registry.internal.StandardServiceRegistryImpl.initiateService(StandardServiceRegistryImpl.java:119) ~[hibernate-core-6.2.5.Final.jar:6.2.5.Final]
	at org.hibernate.service.internal.AbstractServiceRegistryImpl.createService(AbstractServiceRegistryImpl.java:264) ~[hibernate-core-6.2.5.Final.jar:6.2.5.Final]
	at org.hibernate.service.internal.AbstractServiceRegistryImpl.initializeService(AbstractServiceRegistryImpl.java:239) ~[hibernate-core-6.2.5.Final.jar:6.2.5.Final]
	at org.hibernate.service.internal.AbstractServiceRegistryImpl.getService(AbstractServiceRegistryImpl.java:216) ~[hibernate-core-6.2.5.Final.jar:6.2.5.Final]
	at org.hibernate.boot.model.relational.Database.<init>(Database.java:45) ~[hibernate-core-6.2.5.Final.jar:6.2.5.Final]
	at org.hibernate.boot.internal.InFlightMetadataCollectorImpl.getDatabase(InFlightMetadataCollectorImpl.java:230) ~[hibernate-core-6.2.5.Final.jar:6.2.5.Final]
	at org.hibernate.boot.internal.InFlightMetadataCollectorImpl.<init>(InFlightMetadataCollectorImpl.java:198) ~[hibernate-core-6.2.5.Final.jar:6.2.5.Final]
	at org.hibernate.boot.model.process.spi.MetadataBuildingProcess.complete(MetadataBuildingProcess.java:166) ~[hibernate-core-6.2.5.Final.jar:6.2.5.Final]
	at org.hibernate.jpa.boot.internal.EntityManagerFactoryBuilderImpl.metadata(EntityManagerFactoryBuilderImpl.java:1380) ~[hibernate-core-6.2.5.Final.jar:6.2.5.Final]
	at org.hibernate.jpa.boot.internal.EntityManagerFactoryBuilderImpl.build(EntityManagerFactoryBuilderImpl.java:1451) ~[hibernate-core-6.2.5.Final.jar:6.2.5.Final]
	at org.springframework.orm.jpa.vendor.SpringHibernateJpaPersistenceProvider.createContainerEntityManagerFactory(SpringHibernateJpaPersistenceProvider.java:75) ~[spring-orm-6.0.10.jar:6.0.10]
	at org.springframework.orm.jpa.LocalContainerEntityManagerFactoryBean.createNativeEntityManagerFactory(LocalContainerEntityManagerFactoryBean.java:376) ~[spring-orm-6.0.10.jar:6.0.10]
	at org.springframework.orm.jpa.AbstractEntityManagerFactoryBean.buildNativeEntityManagerFactory(AbstractEntityManagerFactoryBean.java:409) ~[spring-orm-6.0.10.jar:6.0.10]
	at org.springframework.orm.jpa.AbstractEntityManagerFactoryBean.afterPropertiesSet(AbstractEntityManagerFactoryBean.java:396) ~[spring-orm-6.0.10.jar:6.0.10]
	at org.springframework.orm.jpa.LocalContainerEntityManagerFactoryBean.afterPropertiesSet(LocalContainerEntityManagerFactoryBean.java:352) ~[spring-orm-6.0.10.jar:6.0.10]
	at org.springframework.beans.factory.support.AbstractAutowireCapableBeanFactory.invokeInitMethods(AbstractAutowireCapableBeanFactory.java:1816) ~[spring-beans-6.0.10.jar:6.0.10]
	at org.springframework.beans.factory.support.AbstractAutowireCapableBeanFactory.initializeBean(AbstractAutowireCapableBeanFactory.java:1766) ~[spring-beans-6.0.10.jar:6.0.10]
	at org.springframework.beans.factory.support.AbstractAutowireCapableBeanFactory.doCreateBean(AbstractAutowireCapableBeanFactory.java:598) ~[spring-beans-6.0.10.jar:6.0.10]
	at org.springframework.beans.factory.support.AbstractAutowireCapableBeanFactory.createBean(AbstractAutowireCapableBeanFactory.java:520) ~[spring-beans-6.0.10.jar:6.0.10]
	at org.springframework.beans.factory.support.AbstractBeanFactory.lambda$doGetBean$0(AbstractBeanFactory.java:326) ~[spring-beans-6.0.10.jar:6.0.10]
	at org.springframework.beans.factory.support.DefaultSingletonBeanRegistry.getSingleton(DefaultSingletonBeanRegistry.java:234) [spring-beans-6.0.10.jar:6.0.10]
	at org.springframework.beans.factory.support.AbstractBeanFactory.doGetBean(AbstractBeanFactory.java:324) [spring-beans-6.0.10.jar:6.0.10]
	at org.springframework.beans.factory.support.AbstractBeanFactory.getBean(AbstractBeanFactory.java:200) [spring-beans-6.0.10.jar:6.0.10]
	at org.springframework.context.support.AbstractApplicationContext.getBean(AbstractApplicationContext.java:1154) [spring-context-6.0.10.jar:6.0.10]
	at org.springframework.context.support.AbstractApplicationContext.finishBeanFactoryInitialization(AbstractApplicationContext.java:931) [spring-context-6.0.10.jar:6.0.10]
	at org.springframework.context.support.AbstractApplicationContext.refresh(AbstractApplicationContext.java:608) [spring-context-6.0.10.jar:6.0.10]
	at org.springframework.boot.SpringApplication.refresh(SpringApplication.java:734) [spring-boot-3.1.1.jar:3.1.1]
	at org.springframework.boot.SpringApplication.refreshContext(SpringApplication.java:436) [spring-boot-3.1.1.jar:3.1.1]
	at org.springframework.boot.SpringApplication.run(SpringApplication.java:312) [spring-boot-3.1.1.jar:3.1.1]
	at org.springframework.boot.SpringApplication.run(SpringApplication.java:1306) [spring-boot-3.1.1.jar:3.1.1]
	at org.springframework.boot.SpringApplication.run(SpringApplication.java:1295) [spring-boot-3.1.1.jar:3.1.1]
	at com.infy.DemoManyToOneApplication.main(DemoManyToOneApplication.java:29) [classes/:?]
Caused by: com.mysql.cj.exceptions.CJCommunicationsException: Communications link failure

The last packet sent successfully to the server was 0 milliseconds ago. The driver has not received any packets from the server.
	at jdk.internal.reflect.NativeConstructorAccessorImpl.newInstance0(Native Method) ~[?:?]
	at jdk.internal.reflect.NativeConstructorAccessorImpl.newInstance(NativeConstructorAccessorImpl.java:77) ~[?:?]
	at jdk.internal.reflect.DelegatingConstructorAccessorImpl.newInstance(DelegatingConstructorAccessorImpl.java:45) ~[?:?]
	at java.lang.reflect.Constructor.newInstanceWithCaller(Constructor.java:499) ~[?:?]
	at java.lang.reflect.Constructor.newInstance(Constructor.java:480) ~[?:?]
	at com.mysql.cj.exceptions.ExceptionFactory.createException(ExceptionFactory.java:62) ~[mysql-connector-j-8.0.33.jar:8.0.33]
	at com.mysql.cj.exceptions.ExceptionFactory.createException(ExceptionFactory.java:105) ~[mysql-connector-j-8.0.33.jar:8.0.33]
	at com.mysql.cj.exceptions.ExceptionFactory.createException(ExceptionFactory.java:150) ~[mysql-connector-j-8.0.33.jar:8.0.33]
	at com.mysql.cj.exceptions.ExceptionFactory.createCommunicationsException(ExceptionFactory.java:166) ~[mysql-connector-j-8.0.33.jar:8.0.33]
	at com.mysql.cj.protocol.a.NativeSocketConnection.connect(NativeSocketConnection.java:89) ~[mysql-connector-j-8.0.33.jar:8.0.33]
	at com.mysql.cj.NativeSession.connect(NativeSession.java:121) ~[mysql-connector-j-8.0.33.jar:8.0.33]
	at com.mysql.cj.jdbc.ConnectionImpl.connectOneTryOnly(ConnectionImpl.java:945) ~[mysql-connector-j-8.0.33.jar:8.0.33]
	at com.mysql.cj.jdbc.ConnectionImpl.createNewIO(ConnectionImpl.java:815) ~[mysql-connector-j-8.0.33.jar:8.0.33]
	... 46 more
Caused by: java.net.ConnectException: Connection refused: no further information
	at sun.nio.ch.Net.pollConnect(Native Method) ~[?:?]
	at sun.nio.ch.Net.pollConnectNow(Net.java:672) ~[?:?]
	at sun.nio.ch.NioSocketImpl.timedFinishConnect(NioSocketImpl.java:542) ~[?:?]
	at sun.nio.ch.NioSocketImpl.connect(NioSocketImpl.java:597) ~[?:?]
	at java.net.SocksSocketImpl.connect(SocksSocketImpl.java:327) ~[?:?]
	at java.net.Socket.connect(Socket.java:633) ~[?:?]
	at com.mysql.cj.protocol.StandardSocketFactory.connect(StandardSocketFactory.java:153) ~[mysql-connector-j-8.0.33.jar:8.0.33]
	at com.mysql.cj.protocol.a.NativeSocketConnection.connect(NativeSocketConnection.java:63) ~[mysql-connector-j-8.0.33.jar:8.0.33]
	at com.mysql.cj.NativeSession.connect(NativeSession.java:121) ~[mysql-connector-j-8.0.33.jar:8.0.33]
	at com.mysql.cj.jdbc.ConnectionImpl.connectOneTryOnly(ConnectionImpl.java:945) ~[mysql-connector-j-8.0.33.jar:8.0.33]
	at com.mysql.cj.jdbc.ConnectionImpl.createNewIO(ConnectionImpl.java:815) ~[mysql-connector-j-8.0.33.jar:8.0.33]
	... 46 more
08-Apr-2024 13:02:55 ERROR - Failed to initialize JPA EntityManagerFactory: Unable to create requested service [org.hibernate.engine.jdbc.env.spi.JdbcEnvironment] due to: Unable to determine Dialect without JDBC metadata (please set 'javax.persistence.jdbc.url', 'hibernate.connection.url', or 'hibernate.dialect')
08-Apr-2024 13:02:55 WARN - Exception encountered during context initialization - cancelling refresh attempt: org.springframework.beans.factory.BeanCreationException: Error creating bean with name 'entityManagerFactory' defined in class path resource [org/springframework/boot/autoconfigure/orm/jpa/HibernateJpaConfiguration.class]: Unable to create requested service [org.hibernate.engine.jdbc.env.spi.JdbcEnvironment] due to: Unable to determine Dialect without JDBC metadata (please set 'javax.persistence.jdbc.url', 'hibernate.connection.url', or 'hibernate.dialect')
08-Apr-2024 13:02:55 INFO - 

Error starting ApplicationContext. To display the condition evaluation report re-run your application with 'debug' enabled.
08-Apr-2024 13:02:55 ERROR - Application run failed
org.springframework.beans.factory.BeanCreationException: Error creating bean with name 'entityManagerFactory' defined in class path resource [org/springframework/boot/autoconfigure/orm/jpa/HibernateJpaConfiguration.class]: Unable to create requested service [org.hibernate.engine.jdbc.env.spi.JdbcEnvironment] due to: Unable to determine Dialect without JDBC metadata (please set 'javax.persistence.jdbc.url', 'hibernate.connection.url', or 'hibernate.dialect')
	at org.springframework.beans.factory.support.AbstractAutowireCapableBeanFactory.initializeBean(AbstractAutowireCapableBeanFactory.java:1770) ~[spring-beans-6.0.10.jar:6.0.10]
	at org.springframework.beans.factory.support.AbstractAutowireCapableBeanFactory.doCreateBean(AbstractAutowireCapableBeanFactory.java:598) ~[spring-beans-6.0.10.jar:6.0.10]
	at org.springframework.beans.factory.support.AbstractAutowireCapableBeanFactory.createBean(AbstractAutowireCapableBeanFactory.java:520) ~[spring-beans-6.0.10.jar:6.0.10]
	at org.springframework.beans.factory.support.AbstractBeanFactory.lambda$doGetBean$0(AbstractBeanFactory.java:326) ~[spring-beans-6.0.10.jar:6.0.10]
	at org.springframework.beans.factory.support.DefaultSingletonBeanRegistry.getSingleton(DefaultSingletonBeanRegistry.java:234) ~[spring-beans-6.0.10.jar:6.0.10]
	at org.springframework.beans.factory.support.AbstractBeanFactory.doGetBean(AbstractBeanFactory.java:324) ~[spring-beans-6.0.10.jar:6.0.10]
	at org.springframework.beans.factory.support.AbstractBeanFactory.getBean(AbstractBeanFactory.java:200) ~[spring-beans-6.0.10.jar:6.0.10]
	at org.springframework.context.support.AbstractApplicationContext.getBean(AbstractApplicationContext.java:1154) ~[spring-context-6.0.10.jar:6.0.10]
	at org.springframework.context.support.AbstractApplicationContext.finishBeanFactoryInitialization(AbstractApplicationContext.java:931) ~[spring-context-6.0.10.jar:6.0.10]
	at org.springframework.context.support.AbstractApplicationContext.refresh(AbstractApplicationContext.java:608) ~[spring-context-6.0.10.jar:6.0.10]
	at org.springframework.boot.SpringApplication.refresh(SpringApplication.java:734) [spring-boot-3.1.1.jar:3.1.1]
	at org.springframework.boot.SpringApplication.refreshContext(SpringApplication.java:436) [spring-boot-3.1.1.jar:3.1.1]
	at org.springframework.boot.SpringApplication.run(SpringApplication.java:312) [spring-boot-3.1.1.jar:3.1.1]
	at org.springframework.boot.SpringApplication.run(SpringApplication.java:1306) [spring-boot-3.1.1.jar:3.1.1]
	at org.springframework.boot.SpringApplication.run(SpringApplication.java:1295) [spring-boot-3.1.1.jar:3.1.1]
	at com.infy.DemoManyToOneApplication.main(DemoManyToOneApplication.java:29) [classes/:?]
Caused by: org.hibernate.service.spi.ServiceException: Unable to create requested service [org.hibernate.engine.jdbc.env.spi.JdbcEnvironment] due to: Unable to determine Dialect without JDBC metadata (please set 'javax.persistence.jdbc.url', 'hibernate.connection.url', or 'hibernate.dialect')
	at org.hibernate.service.internal.AbstractServiceRegistryImpl.createService(AbstractServiceRegistryImpl.java:277) ~[hibernate-core-6.2.5.Final.jar:6.2.5.Final]
	at org.hibernate.service.internal.AbstractServiceRegistryImpl.initializeService(AbstractServiceRegistryImpl.java:239) ~[hibernate-core-6.2.5.Final.jar:6.2.5.Final]
	at org.hibernate.service.internal.AbstractServiceRegistryImpl.getService(AbstractServiceRegistryImpl.java:216) ~[hibernate-core-6.2.5.Final.jar:6.2.5.Final]
	at org.hibernate.boot.model.relational.Database.<init>(Database.java:45) ~[hibernate-core-6.2.5.Final.jar:6.2.5.Final]
	at org.hibernate.boot.internal.InFlightMetadataCollectorImpl.getDatabase(InFlightMetadataCollectorImpl.java:230) ~[hibernate-core-6.2.5.Final.jar:6.2.5.Final]
	at org.hibernate.boot.internal.InFlightMetadataCollectorImpl.<init>(InFlightMetadataCollectorImpl.java:198) ~[hibernate-core-6.2.5.Final.jar:6.2.5.Final]
	at org.hibernate.boot.model.process.spi.MetadataBuildingProcess.complete(MetadataBuildingProcess.java:166) ~[hibernate-core-6.2.5.Final.jar:6.2.5.Final]
	at org.hibernate.jpa.boot.internal.EntityManagerFactoryBuilderImpl.metadata(EntityManagerFactoryBuilderImpl.java:1380) ~[hibernate-core-6.2.5.Final.jar:6.2.5.Final]
	at org.hibernate.jpa.boot.internal.EntityManagerFactoryBuilderImpl.build(EntityManagerFactoryBuilderImpl.java:1451) ~[hibernate-core-6.2.5.Final.jar:6.2.5.Final]
	at org.springframework.orm.jpa.vendor.SpringHibernateJpaPersistenceProvider.createContainerEntityManagerFactory(SpringHibernateJpaPersistenceProvider.java:75) ~[spring-orm-6.0.10.jar:6.0.10]
	at org.springframework.orm.jpa.LocalContainerEntityManagerFactoryBean.createNativeEntityManagerFactory(LocalContainerEntityManagerFactoryBean.java:376) ~[spring-orm-6.0.10.jar:6.0.10]
	at org.springframework.orm.jpa.AbstractEntityManagerFactoryBean.buildNativeEntityManagerFactory(AbstractEntityManagerFactoryBean.java:409) ~[spring-orm-6.0.10.jar:6.0.10]
	at org.springframework.orm.jpa.AbstractEntityManagerFactoryBean.afterPropertiesSet(AbstractEntityManagerFactoryBean.java:396) ~[spring-orm-6.0.10.jar:6.0.10]
	at org.springframework.orm.jpa.LocalContainerEntityManagerFactoryBean.afterPropertiesSet(LocalContainerEntityManagerFactoryBean.java:352) ~[spring-orm-6.0.10.jar:6.0.10]
	at org.springframework.beans.factory.support.AbstractAutowireCapableBeanFactory.invokeInitMethods(AbstractAutowireCapableBeanFactory.java:1816) ~[spring-beans-6.0.10.jar:6.0.10]
	at org.springframework.beans.factory.support.AbstractAutowireCapableBeanFactory.initializeBean(AbstractAutowireCapableBeanFactory.java:1766) ~[spring-beans-6.0.10.jar:6.0.10]
	... 15 more
Caused by: org.hibernate.HibernateException: Unable to determine Dialect without JDBC metadata (please set 'javax.persistence.jdbc.url', 'hibernate.connection.url', or 'hibernate.dialect')
	at org.hibernate.engine.jdbc.dialect.internal.DialectFactoryImpl.determineDialect(DialectFactoryImpl.java:188) ~[hibernate-core-6.2.5.Final.jar:6.2.5.Final]
	at org.hibernate.engine.jdbc.dialect.internal.DialectFactoryImpl.buildDialect(DialectFactoryImpl.java:87) ~[hibernate-core-6.2.5.Final.jar:6.2.5.Final]
	at org.hibernate.engine.jdbc.env.internal.JdbcEnvironmentInitiator.initiateService(JdbcEnvironmentInitiator.java:274) ~[hibernate-core-6.2.5.Final.jar:6.2.5.Final]
	at org.hibernate.engine.jdbc.env.internal.JdbcEnvironmentInitiator.initiateService(JdbcEnvironmentInitiator.java:34) ~[hibernate-core-6.2.5.Final.jar:6.2.5.Final]
	at org.hibernate.boot.registry.internal.StandardServiceRegistryImpl.initiateService(StandardServiceRegistryImpl.java:119) ~[hibernate-core-6.2.5.Final.jar:6.2.5.Final]
	at org.hibernate.service.internal.AbstractServiceRegistryImpl.createService(AbstractServiceRegistryImpl.java:264) ~[hibernate-core-6.2.5.Final.jar:6.2.5.Final]
	at org.hibernate.service.internal.AbstractServiceRegistryImpl.initializeService(AbstractServiceRegistryImpl.java:239) ~[hibernate-core-6.2.5.Final.jar:6.2.5.Final]
	at org.hibernate.service.internal.AbstractServiceRegistryImpl.getService(AbstractServiceRegistryImpl.java:216) ~[hibernate-core-6.2.5.Final.jar:6.2.5.Final]
	at org.hibernate.boot.model.relational.Database.<init>(Database.java:45) ~[hibernate-core-6.2.5.Final.jar:6.2.5.Final]
	at org.hibernate.boot.internal.InFlightMetadataCollectorImpl.getDatabase(InFlightMetadataCollectorImpl.java:230) ~[hibernate-core-6.2.5.Final.jar:6.2.5.Final]
	at org.hibernate.boot.internal.InFlightMetadataCollectorImpl.<init>(InFlightMetadataCollectorImpl.java:198) ~[hibernate-core-6.2.5.Final.jar:6.2.5.Final]
	at org.hibernate.boot.model.process.spi.MetadataBuildingProcess.complete(MetadataBuildingProcess.java:166) ~[hibernate-core-6.2.5.Final.jar:6.2.5.Final]
	at org.hibernate.jpa.boot.internal.EntityManagerFactoryBuilderImpl.metadata(EntityManagerFactoryBuilderImpl.java:1380) ~[hibernate-core-6.2.5.Final.jar:6.2.5.Final]
	at org.hibernate.jpa.boot.internal.EntityManagerFactoryBuilderImpl.build(EntityManagerFactoryBuilderImpl.java:1451) ~[hibernate-core-6.2.5.Final.jar:6.2.5.Final]
	at org.springframework.orm.jpa.vendor.SpringHibernateJpaPersistenceProvider.createContainerEntityManagerFactory(SpringHibernateJpaPersistenceProvider.java:75) ~[spring-orm-6.0.10.jar:6.0.10]
	at org.springframework.orm.jpa.LocalContainerEntityManagerFactoryBean.createNativeEntityManagerFactory(LocalContainerEntityManagerFactoryBean.java:376) ~[spring-orm-6.0.10.jar:6.0.10]
	at org.springframework.orm.jpa.AbstractEntityManagerFactoryBean.buildNativeEntityManagerFactory(AbstractEntityManagerFactoryBean.java:409) ~[spring-orm-6.0.10.jar:6.0.10]
	at org.springframework.orm.jpa.AbstractEntityManagerFactoryBean.afterPropertiesSet(AbstractEntityManagerFactoryBean.java:396) ~[spring-orm-6.0.10.jar:6.0.10]
	at org.springframework.orm.jpa.LocalContainerEntityManagerFactoryBean.afterPropertiesSet(LocalContainerEntityManagerFactoryBean.java:352) ~[spring-orm-6.0.10.jar:6.0.10]
	at org.springframework.beans.factory.support.AbstractAutowireCapableBeanFactory.invokeInitMethods(AbstractAutowireCapableBeanFactory.java:1816) ~[spring-beans-6.0.10.jar:6.0.10]
	at org.springframework.beans.factory.support.AbstractAutowireCapableBeanFactory.initializeBean(AbstractAutowireCapableBeanFactory.java:1766) ~[spring-beans-6.0.10.jar:6.0.10]
	... 15 more
